<?xml version="1.0" encoding="UTF-8"?>
<coverage generated="1611712639439" clover="3.2.0">
  <project timestamp="1611712639439" name="All files">
    <metrics statements="323" coveredstatements="320" conditionals="64" coveredconditionals="63" methods="62" coveredmethods="60" elements="449" coveredelements="443" complexity="0" loc="323" ncloc="323" packages="7" files="20" classes="20"/>
    <package name="nukang">
      <metrics statements="13" coveredstatements="13" conditionals="0" coveredconditionals="0" methods="0" coveredmethods="0"/>
      <file name="app.js" path="/home/opik/Desktop/hacktiv8/iniserser2/nukang-server/services/nukang/app.js">
        <metrics statements="13" coveredstatements="13" conditionals="0" coveredconditionals="0" methods="0" coveredmethods="0"/>
        <line num="1" count="3" type="stmt"/>
        <line num="2" count="3" type="stmt"/>
        <line num="3" count="3" type="stmt"/>
        <line num="4" count="3" type="stmt"/>
        <line num="5" count="3" type="stmt"/>
        <line num="6" count="3" type="stmt"/>
        <line num="7" count="3" type="stmt"/>
        <line num="9" count="3" type="stmt"/>
        <line num="10" count="3" type="stmt"/>
        <line num="11" count="3" type="stmt"/>
        <line num="12" count="3" type="stmt"/>
        <line num="13" count="3" type="stmt"/>
        <line num="15" count="3" type="stmt"/>
      </file>
    </package>
    <package name="nukang.config">
      <metrics statements="7" coveredstatements="7" conditionals="0" coveredconditionals="0" methods="0" coveredmethods="0"/>
      <file name="mongo.js" path="/home/opik/Desktop/hacktiv8/iniserser2/nukang-server/services/nukang/config/mongo.js">
        <metrics statements="7" coveredstatements="7" conditionals="0" coveredconditionals="0" methods="0" coveredmethods="0"/>
        <line num="1" count="3" type="stmt"/>
        <line num="2" count="3" type="stmt"/>
        <line num="3" count="3" type="stmt"/>
        <line num="4" count="3" type="stmt"/>
        <line num="5" count="3" type="stmt"/>
        <line num="7" count="3" type="stmt"/>
        <line num="9" count="3" type="stmt"/>
      </file>
    </package>
    <package name="nukang.controllers">
      <metrics statements="168" coveredstatements="165" conditionals="54" coveredconditionals="53" methods="29" coveredmethods="27"/>
      <file name="admin-controller.js" path="/home/opik/Desktop/hacktiv8/iniserser2/nukang-server/services/nukang/controllers/admin-controller.js">
        <metrics statements="37" coveredstatements="35" conditionals="10" coveredconditionals="9" methods="12" coveredmethods="10"/>
        <line num="1" count="3" type="stmt"/>
        <line num="2" count="3" type="stmt"/>
        <line num="3" count="3" type="stmt"/>
        <line num="4" count="3" type="stmt"/>
        <line num="5" count="3" type="stmt"/>
        <line num="9" count="2" type="stmt"/>
        <line num="13" count="2" type="cond" truecount="2" falsecount="0"/>
        <line num="14" count="1" type="stmt"/>
        <line num="18" count="1" type="cond" truecount="1" falsecount="1"/>
        <line num="19" count="1" type="stmt"/>
        <line num="20" count="1" type="stmt"/>
        <line num="24" count="1" type="stmt"/>
        <line num="28" count="3" type="stmt"/>
        <line num="29" count="3" type="cond" truecount="2" falsecount="0"/>
        <line num="30" count="1" type="stmt"/>
        <line num="35" count="2" type="stmt"/>
        <line num="39" count="1" type="stmt"/>
        <line num="42" count="2" type="stmt"/>
        <line num="47" count="2" type="stmt"/>
        <line num="48" count="2" type="cond" truecount="2" falsecount="0"/>
        <line num="49" count="1" type="stmt"/>
        <line num="54" count="1" type="stmt"/>
        <line num="58" count="1" type="stmt"/>
        <line num="76" count="1" type="stmt"/>
        <line num="81" count="2" type="stmt"/>
        <line num="82" count="2" type="cond" truecount="2" falsecount="0"/>
        <line num="83" count="1" type="stmt"/>
        <line num="84" count="1" type="stmt"/>
        <line num="86" count="1" type="stmt"/>
        <line num="92" count="1" type="stmt"/>
        <line num="97" count="1" type="stmt"/>
        <line num="99" count="1" type="stmt"/>
        <line num="102" count="0" type="stmt"/>
        <line num="108" count="1" type="stmt"/>
        <line num="110" count="1" type="stmt"/>
        <line num="113" count="0" type="stmt"/>
        <line num="118" count="3" type="stmt"/>
      </file>
      <file name="tukang-controller.js" path="/home/opik/Desktop/hacktiv8/iniserser2/nukang-server/services/nukang/controllers/tukang-controller.js">
        <metrics statements="65" coveredstatements="65" conditionals="24" coveredconditionals="24" methods="8" coveredmethods="8"/>
        <line num="1" count="3" type="stmt"/>
        <line num="2" count="3" type="stmt"/>
        <line num="3" count="3" type="stmt"/>
        <line num="4" count="3" type="stmt"/>
        <line num="5" count="3" type="stmt"/>
        <line num="10" count="2" type="stmt"/>
        <line num="11" count="2" type="cond" truecount="2" falsecount="0"/>
        <line num="12" count="1" type="stmt"/>
        <line num="24" count="1" type="stmt"/>
        <line num="36" count="1" type="stmt"/>
        <line num="42" count="1" type="stmt"/>
        <line num="47" count="2" type="stmt"/>
        <line num="48" count="2" type="cond" truecount="4" falsecount="0"/>
        <line num="49" count="1" type="stmt"/>
        <line num="50" count="1" type="stmt"/>
        <line num="51" count="1" type="stmt"/>
        <line num="53" count="1" type="stmt"/>
        <line num="54" count="1" type="stmt"/>
        <line num="58" count="1" type="stmt"/>
        <line num="62" count="1" type="stmt"/>
        <line num="68" count="1" type="stmt"/>
        <line num="73" count="2" type="stmt"/>
        <line num="74" count="2" type="cond" truecount="4" falsecount="0"/>
        <line num="75" count="1" type="stmt"/>
        <line num="76" count="1" type="stmt"/>
        <line num="77" count="1" type="stmt"/>
        <line num="81" count="1" type="stmt"/>
        <line num="83" count="1" type="stmt"/>
        <line num="89" count="1" type="stmt"/>
        <line num="94" count="3" type="stmt"/>
        <line num="95" count="3" type="cond" truecount="2" falsecount="0"/>
        <line num="96" count="2" type="stmt"/>
        <line num="97" count="1" type="stmt"/>
        <line num="112" count="1" type="stmt"/>
        <line num="118" count="2" type="stmt"/>
        <line num="123" count="4" type="stmt"/>
        <line num="124" count="4" type="cond" truecount="2" falsecount="0"/>
        <line num="125" count="1" type="stmt"/>
        <line num="130" count="3" type="stmt"/>
        <line num="133" count="3" type="cond" truecount="2" falsecount="0"/>
        <line num="134" count="1" type="stmt"/>
        <line num="138" count="2" type="cond" truecount="2" falsecount="0"/>
        <line num="139" count="1" type="stmt"/>
        <line num="140" count="1" type="stmt"/>
        <line num="142" count="1" type="stmt"/>
        <line num="149" count="3" type="stmt"/>
        <line num="154" count="2" type="stmt"/>
        <line num="155" count="2" type="cond" truecount="2" falsecount="0"/>
        <line num="156" count="1" type="stmt"/>
        <line num="157" count="1" type="stmt"/>
        <line num="159" count="1" type="stmt"/>
        <line num="165" count="1" type="stmt"/>
        <line num="170" count="2" type="stmt"/>
        <line num="171" count="2" type="cond" truecount="2" falsecount="0"/>
        <line num="172" count="1" type="stmt"/>
        <line num="173" count="1" type="stmt"/>
        <line num="175" count="1" type="stmt"/>
        <line num="181" count="1" type="stmt"/>
        <line num="186" count="2" type="stmt"/>
        <line num="187" count="2" type="cond" truecount="2" falsecount="0"/>
        <line num="188" count="1" type="stmt"/>
        <line num="189" count="1" type="stmt"/>
        <line num="191" count="1" type="stmt"/>
        <line num="197" count="1" type="stmt"/>
        <line num="202" count="3" type="stmt"/>
      </file>
      <file name="user-controller.js" path="/home/opik/Desktop/hacktiv8/iniserser2/nukang-server/services/nukang/controllers/user-controller.js">
        <metrics statements="66" coveredstatements="65" conditionals="20" coveredconditionals="20" methods="9" coveredmethods="9"/>
        <line num="1" count="3" type="stmt"/>
        <line num="2" count="3" type="stmt"/>
        <line num="3" count="3" type="stmt"/>
        <line num="4" count="3" type="stmt"/>
        <line num="5" count="3" type="stmt"/>
        <line num="6" count="3" type="stmt"/>
        <line num="10" count="2" type="stmt"/>
        <line num="11" count="2" type="cond" truecount="2" falsecount="0"/>
        <line num="12" count="1" type="stmt"/>
        <line num="17" count="1" type="stmt"/>
        <line num="22" count="1" type="stmt"/>
        <line num="27" count="1" type="stmt"/>
        <line num="32" count="4" type="stmt"/>
        <line num="33" count="4" type="cond" truecount="2" falsecount="0"/>
        <line num="34" count="1" type="stmt"/>
        <line num="39" count="3" type="stmt"/>
        <line num="42" count="3" type="cond" truecount="2" falsecount="0"/>
        <line num="43" count="1" type="stmt"/>
        <line num="47" count="2" type="cond" truecount="2" falsecount="0"/>
        <line num="48" count="1" type="stmt"/>
        <line num="49" count="1" type="stmt"/>
        <line num="51" count="1" type="stmt"/>
        <line num="58" count="3" type="stmt"/>
        <line num="63" count="2" type="stmt"/>
        <line num="64" count="2" type="cond" truecount="2" falsecount="0"/>
        <line num="65" count="1" type="stmt"/>
        <line num="66" count="1" type="stmt"/>
        <line num="67" count="1" type="stmt"/>
        <line num="77" count="1" type="stmt"/>
        <line num="79" count="1" type="stmt"/>
        <line num="85" count="1" type="stmt"/>
        <line num="90" count="2" type="stmt"/>
        <line num="91" count="2" type="cond" truecount="2" falsecount="0"/>
        <line num="92" count="1" type="stmt"/>
        <line num="93" count="1" type="stmt"/>
        <line num="95" count="1" type="stmt"/>
        <line num="101" count="1" type="stmt"/>
        <line num="107" count="2" type="stmt"/>
        <line num="108" count="2" type="cond" truecount="2" falsecount="0"/>
        <line num="109" count="1" type="stmt"/>
        <line num="113" count="1" type="stmt"/>
        <line num="115" count="1" type="stmt"/>
        <line num="121" count="1" type="stmt"/>
        <line num="127" count="2" type="stmt"/>
        <line num="128" count="2" type="cond" truecount="2" falsecount="0"/>
        <line num="129" count="1" type="stmt"/>
        <line num="130" count="1" type="stmt"/>
        <line num="145" count="1" type="stmt"/>
        <line num="151" count="1" type="stmt"/>
        <line num="156" count="2" type="stmt"/>
        <line num="157" count="2" type="cond" truecount="2" falsecount="0"/>
        <line num="158" count="1" type="stmt"/>
        <line num="159" count="1" type="stmt"/>
        <line num="165" count="1" type="stmt"/>
        <line num="171" count="1" type="stmt"/>
        <line num="177" count="2" type="stmt"/>
        <line num="178" count="2" type="cond" truecount="2" falsecount="0"/>
        <line num="179" count="1" type="stmt"/>
        <line num="180" count="1" type="stmt"/>
        <line num="182" count="1" type="stmt"/>
        <line num="188" count="1" type="stmt"/>
        <line num="194" count="1" type="stmt"/>
        <line num="195" count="1" type="stmt"/>
        <line num="196" count="1" type="stmt"/>
        <line num="198" count="0" type="stmt"/>
        <line num="203" count="3" type="stmt"/>
      </file>
    </package>
    <package name="nukang.helpers">
      <metrics statements="8" coveredstatements="8" conditionals="0" coveredconditionals="0" methods="4" coveredmethods="4"/>
      <file name="bcrypt-helper.js" path="/home/opik/Desktop/hacktiv8/iniserser2/nukang-server/services/nukang/helpers/bcrypt-helper.js">
        <metrics statements="4" coveredstatements="4" conditionals="0" coveredconditionals="0" methods="2" coveredmethods="2"/>
        <line num="1" count="3" type="stmt"/>
        <line num="4" count="8" type="stmt"/>
        <line num="8" count="5" type="stmt"/>
        <line num="11" count="3" type="stmt"/>
      </file>
      <file name="jwt-helper.js" path="/home/opik/Desktop/hacktiv8/iniserser2/nukang-server/services/nukang/helpers/jwt-helper.js">
        <metrics statements="4" coveredstatements="4" conditionals="0" coveredconditionals="0" methods="2" coveredmethods="2"/>
        <line num="1" count="3" type="stmt"/>
        <line num="3" count="3" type="stmt"/>
        <line num="5" count="7" type="stmt"/>
        <line num="15" count="49" type="stmt"/>
      </file>
    </package>
    <package name="nukang.middlewares">
      <metrics statements="32" coveredstatements="32" conditionals="10" coveredconditionals="10" methods="5" coveredmethods="5"/>
      <file name="authentication.js" path="/home/opik/Desktop/hacktiv8/iniserser2/nukang-server/services/nukang/middlewares/authentication.js">
        <metrics statements="10" coveredstatements="10" conditionals="2" coveredconditionals="2" methods="1" coveredmethods="1"/>
        <line num="1" count="3" type="stmt"/>
        <line num="3" count="3" type="stmt"/>
        <line num="4" count="63" type="stmt"/>
        <line num="5" count="63" type="stmt"/>
        <line num="6" count="63" type="cond" truecount="2" falsecount="0"/>
        <line num="7" count="14" type="stmt"/>
        <line num="12" count="49" type="stmt"/>
        <line num="13" count="49" type="stmt"/>
        <line num="14" count="49" type="stmt"/>
        <line num="17" count="14" type="stmt"/>
      </file>
      <file name="authorization_admin.js" path="/home/opik/Desktop/hacktiv8/iniserser2/nukang-server/services/nukang/middlewares/authorization_admin.js">
        <metrics statements="6" coveredstatements="6" conditionals="2" coveredconditionals="2" methods="1" coveredmethods="1"/>
        <line num="1" count="3" type="stmt"/>
        <line num="2" count="10" type="stmt"/>
        <line num="3" count="10" type="cond" truecount="2" falsecount="0"/>
        <line num="4" count="4" type="stmt"/>
        <line num="9" count="6" type="stmt"/>
        <line num="12" count="4" type="stmt"/>
      </file>
      <file name="authorization_tukang.js" path="/home/opik/Desktop/hacktiv8/iniserser2/nukang-server/services/nukang/middlewares/authorization_tukang.js">
        <metrics statements="6" coveredstatements="6" conditionals="2" coveredconditionals="2" methods="1" coveredmethods="1"/>
        <line num="1" count="3" type="stmt"/>
        <line num="2" count="19" type="stmt"/>
        <line num="3" count="19" type="cond" truecount="2" falsecount="0"/>
        <line num="4" count="4" type="stmt"/>
        <line num="9" count="15" type="stmt"/>
        <line num="12" count="4" type="stmt"/>
      </file>
      <file name="authorization_user.js" path="/home/opik/Desktop/hacktiv8/iniserser2/nukang-server/services/nukang/middlewares/authorization_user.js">
        <metrics statements="6" coveredstatements="6" conditionals="2" coveredconditionals="2" methods="1" coveredmethods="1"/>
        <line num="1" count="3" type="stmt"/>
        <line num="2" count="20" type="stmt"/>
        <line num="3" count="20" type="cond" truecount="2" falsecount="0"/>
        <line num="4" count="7" type="stmt"/>
        <line num="9" count="13" type="stmt"/>
        <line num="12" count="7" type="stmt"/>
      </file>
      <file name="errorHandler.js" path="/home/opik/Desktop/hacktiv8/iniserser2/nukang-server/services/nukang/middlewares/errorHandler.js">
        <metrics statements="4" coveredstatements="4" conditionals="2" coveredconditionals="2" methods="1" coveredmethods="1"/>
        <line num="1" count="3" type="stmt"/>
        <line num="2" count="55" type="cond" truecount="2" falsecount="0"/>
        <line num="3" count="53" type="stmt"/>
        <line num="7" count="2" type="stmt"/>
      </file>
    </package>
    <package name="nukang.models">
      <metrics statements="46" coveredstatements="46" conditionals="0" coveredconditionals="0" methods="24" coveredmethods="24"/>
      <file name="admin.js" path="/home/opik/Desktop/hacktiv8/iniserser2/nukang-server/services/nukang/models/admin.js">
        <metrics statements="14" coveredstatements="14" conditionals="0" coveredconditionals="0" methods="6" coveredmethods="6"/>
        <line num="1" count="3" type="stmt"/>
        <line num="2" count="3" type="stmt"/>
        <line num="3" count="3" type="stmt"/>
        <line num="4" count="3" type="stmt"/>
        <line num="5" count="3" type="stmt"/>
        <line num="9" count="2" type="stmt"/>
        <line num="14" count="2" type="stmt"/>
        <line num="15" count="1" type="stmt"/>
        <line num="20" count="1" type="stmt"/>
        <line num="25" count="1" type="stmt"/>
        <line num="26" count="1" type="stmt"/>
        <line num="42" count="1" type="stmt"/>
        <line num="47" count="1" type="stmt"/>
        <line num="53" count="3" type="stmt"/>
      </file>
      <file name="order.js" path="/home/opik/Desktop/hacktiv8/iniserser2/nukang-server/services/nukang/models/order.js">
        <metrics statements="12" coveredstatements="12" conditionals="0" coveredconditionals="0" methods="8" coveredmethods="8"/>
        <line num="1" count="3" type="stmt"/>
        <line num="2" count="3" type="stmt"/>
        <line num="3" count="3" type="stmt"/>
        <line num="7" count="1" type="stmt"/>
        <line num="20" count="1" type="stmt"/>
        <line num="25" count="1" type="stmt"/>
        <line num="39" count="1" type="stmt"/>
        <line num="53" count="1" type="stmt"/>
        <line num="68" count="1" type="stmt"/>
        <line num="72" count="2" type="stmt"/>
        <line num="76" count="1" type="stmt"/>
        <line num="80" count="3" type="stmt"/>
      </file>
      <file name="tukang.js" path="/home/opik/Desktop/hacktiv8/iniserser2/nukang-server/services/nukang/models/tukang.js">
        <metrics statements="10" coveredstatements="10" conditionals="0" coveredconditionals="0" methods="6" coveredmethods="6"/>
        <line num="1" count="3" type="stmt"/>
        <line num="2" count="3" type="stmt"/>
        <line num="3" count="3" type="stmt"/>
        <line num="7" count="1" type="stmt"/>
        <line num="31" count="1" type="stmt"/>
        <line num="47" count="1" type="stmt"/>
        <line num="63" count="3" type="stmt"/>
        <line num="69" count="2" type="stmt"/>
        <line num="73" count="4" type="stmt"/>
        <line num="79" count="3" type="stmt"/>
      </file>
      <file name="users.js" path="/home/opik/Desktop/hacktiv8/iniserser2/nukang-server/services/nukang/models/users.js">
        <metrics statements="10" coveredstatements="10" conditionals="0" coveredconditionals="0" methods="4" coveredmethods="4"/>
        <line num="1" count="3" type="stmt"/>
        <line num="2" count="3" type="stmt"/>
        <line num="3" count="3" type="stmt"/>
        <line num="4" count="3" type="stmt"/>
        <line num="8" count="1" type="stmt"/>
        <line num="9" count="1" type="stmt"/>
        <line num="15" count="1" type="stmt"/>
        <line num="20" count="3" type="stmt"/>
        <line num="26" count="2" type="stmt"/>
        <line num="32" count="3" type="stmt"/>
      </file>
    </package>
    <package name="nukang.routes">
      <metrics statements="49" coveredstatements="49" conditionals="0" coveredconditionals="0" methods="0" coveredmethods="0"/>
      <file name="admin.js" path="/home/opik/Desktop/hacktiv8/iniserser2/nukang-server/services/nukang/routes/admin.js">
        <metrics statements="11" coveredstatements="11" conditionals="0" coveredconditionals="0" methods="0" coveredmethods="0"/>
        <line num="1" count="3" type="stmt"/>
        <line num="2" count="3" type="stmt"/>
        <line num="3" count="3" type="stmt"/>
        <line num="4" count="3" type="stmt"/>
        <line num="6" count="3" type="stmt"/>
        <line num="12" count="3" type="stmt"/>
        <line num="13" count="3" type="stmt"/>
        <line num="14" count="3" type="stmt"/>
        <line num="20" count="3" type="stmt"/>
        <line num="26" count="3" type="stmt"/>
        <line num="33" count="3" type="stmt"/>
      </file>
      <file name="index.js" path="/home/opik/Desktop/hacktiv8/iniserser2/nukang-server/services/nukang/routes/index.js">
        <metrics statements="8" coveredstatements="8" conditionals="0" coveredconditionals="0" methods="0" coveredmethods="0"/>
        <line num="1" count="3" type="stmt"/>
        <line num="2" count="3" type="stmt"/>
        <line num="3" count="3" type="stmt"/>
        <line num="4" count="3" type="stmt"/>
        <line num="6" count="3" type="stmt"/>
        <line num="7" count="3" type="stmt"/>
        <line num="8" count="3" type="stmt"/>
        <line num="10" count="3" type="stmt"/>
      </file>
      <file name="tukang.js" path="/home/opik/Desktop/hacktiv8/iniserser2/nukang-server/services/nukang/routes/tukang.js">
        <metrics statements="16" coveredstatements="16" conditionals="0" coveredconditionals="0" methods="0" coveredmethods="0"/>
        <line num="1" count="3" type="stmt"/>
        <line num="2" count="3" type="stmt"/>
        <line num="3" count="3" type="stmt"/>
        <line num="4" count="3" type="stmt"/>
        <line num="5" count="3" type="stmt"/>
        <line num="7" count="3" type="stmt"/>
        <line num="13" count="3" type="stmt"/>
        <line num="19" count="3" type="stmt"/>
        <line num="25" count="3" type="stmt"/>
        <line num="31" count="3" type="stmt"/>
        <line num="37" count="3" type="stmt"/>
        <line num="44" count="3" type="stmt"/>
        <line num="51" count="3" type="stmt"/>
        <line num="58" count="3" type="stmt"/>
        <line num="59" count="3" type="stmt"/>
        <line num="65" count="3" type="stmt"/>
      </file>
      <file name="user.js" path="/home/opik/Desktop/hacktiv8/iniserser2/nukang-server/services/nukang/routes/user.js">
        <metrics statements="14" coveredstatements="14" conditionals="0" coveredconditionals="0" methods="0" coveredmethods="0"/>
        <line num="1" count="3" type="stmt"/>
        <line num="2" count="3" type="stmt"/>
        <line num="3" count="3" type="stmt"/>
        <line num="4" count="3" type="stmt"/>
        <line num="6" count="3" type="stmt"/>
        <line num="7" count="3" type="stmt"/>
        <line num="8" count="3" type="stmt"/>
        <line num="14" count="3" type="stmt"/>
        <line num="20" count="3" type="stmt"/>
        <line num="26" count="3" type="stmt"/>
        <line num="33" count="3" type="stmt"/>
        <line num="40" count="3" type="stmt"/>
        <line num="46" count="3" type="stmt"/>
        <line num="53" count="3" type="stmt"/>
      </file>
    </package>
  </project>
</coverage>
