{"/home/opik/Desktop/hacktiv8/iniserser2/nukang-server/services/nukang/app.js": {"path":"/home/opik/Desktop/hacktiv8/iniserser2/nukang-server/services/nukang/app.js","statementMap":{"0":{"start":{"line":1,"column":0},"end":{"line":1,"column":27}},"1":{"start":{"line":2,"column":16},"end":{"line":2,"column":34}},"2":{"start":{"line":3,"column":12},"end":{"line":3,"column":21}},"3":{"start":{"line":4,"column":13},"end":{"line":4,"column":17}},"4":{"start":{"line":5,"column":15},"end":{"line":5,"column":34}},"5":{"start":{"line":6,"column":21},"end":{"line":6,"column":58}},"6":{"start":{"line":7,"column":13},"end":{"line":7,"column":28}},"7":{"start":{"line":9,"column":0},"end":{"line":9,"column":16}},"8":{"start":{"line":10,"column":0},"end":{"line":10,"column":49}},"9":{"start":{"line":11,"column":0},"end":{"line":11,"column":24}},"10":{"start":{"line":12,"column":0},"end":{"line":12,"column":16}},"11":{"start":{"line":13,"column":0},"end":{"line":13,"column":22}},"12":{"start":{"line":15,"column":0},"end":{"line":15,"column":21}}},"fnMap":{},"branchMap":{},"s":{"0":3,"1":3,"2":3,"3":3,"4":3,"5":3,"6":3,"7":3,"8":3,"9":3,"10":3,"11":3,"12":3},"f":{},"b":{},"_coverageSchema":"1a1c01bbd47fc00a2c39e90264f33305004495a9","hash":"c8f07b0433216862e89c5a51a2cb4114727e0352"}
,"/home/opik/Desktop/hacktiv8/iniserser2/nukang-server/services/nukang/config/mongo.js": {"path":"/home/opik/Desktop/hacktiv8/iniserser2/nukang-server/services/nukang/config/mongo.js","statementMap":{"0":{"start":{"line":1,"column":24},"end":{"line":1,"column":42}},"1":{"start":{"line":2,"column":12},"end":{"line":2,"column":39}},"2":{"start":{"line":3,"column":15},"end":{"line":3,"column":65}},"3":{"start":{"line":4,"column":15},"end":{"line":4,"column":23}},"4":{"start":{"line":5,"column":0},"end":{"line":5,"column":17}},"5":{"start":{"line":7,"column":11},"end":{"line":7,"column":28}},"6":{"start":{"line":9,"column":0},"end":{"line":9,"column":20}}},"fnMap":{},"branchMap":{},"s":{"0":3,"1":3,"2":3,"3":3,"4":3,"5":3,"6":3},"f":{},"b":{},"_coverageSchema":"1a1c01bbd47fc00a2c39e90264f33305004495a9","hash":"74bdef976a9aa1625464d50bd18e2d82b377a5d6"}
,"/home/opik/Desktop/hacktiv8/iniserser2/nukang-server/services/nukang/controllers/admin-controller.js": {"path":"/home/opik/Desktop/hacktiv8/iniserser2/nukang-server/services/nukang/controllers/admin-controller.js","statementMap":{"0":{"start":{"line":1,"column":19},"end":{"line":1,"column":45}},"1":{"start":{"line":2,"column":20},"end":{"line":2,"column":47}},"2":{"start":{"line":3,"column":19},"end":{"line":3,"column":45}},"3":{"start":{"line":4,"column":20},"end":{"line":4,"column":55}},"4":{"start":{"line":5,"column":19},"end":{"line":5,"column":51}},"5":{"start":{"line":9,"column":4},"end":{"line":25,"column":9}},"6":{"start":{"line":13,"column":8},"end":{"line":21,"column":9}},"7":{"start":{"line":14,"column":10},"end":{"line":17,"column":12}},"8":{"start":{"line":18,"column":15},"end":{"line":21,"column":9}},"9":{"start":{"line":19,"column":31},"end":{"line":19,"column":43}},"10":{"start":{"line":20,"column":10},"end":{"line":20,"column":77}},"11":{"start":{"line":24,"column":8},"end":{"line":24,"column":18}},"12":{"start":{"line":28,"column":4},"end":{"line":43,"column":5}},"13":{"start":{"line":29,"column":6},"end":{"line":40,"column":7}},"14":{"start":{"line":30,"column":8},"end":{"line":33,"column":10}},"15":{"start":{"line":35,"column":21},"end":{"line":38,"column":10}},"16":{"start":{"line":39,"column":8},"end":{"line":39,"column":66}},"17":{"start":{"line":42,"column":6},"end":{"line":42,"column":18}},"18":{"start":{"line":47,"column":4},"end":{"line":77,"column":5}},"19":{"start":{"line":48,"column":6},"end":{"line":74,"column":7}},"20":{"start":{"line":49,"column":8},"end":{"line":52,"column":10}},"21":{"start":{"line":54,"column":21},"end":{"line":57,"column":10}},"22":{"start":{"line":58,"column":8},"end":{"line":73,"column":11}},"23":{"start":{"line":76,"column":6},"end":{"line":76,"column":18}},"24":{"start":{"line":81,"column":4},"end":{"line":93,"column":5}},"25":{"start":{"line":82,"column":6},"end":{"line":90,"column":7}},"26":{"start":{"line":83,"column":21},"end":{"line":83,"column":62}},"27":{"start":{"line":84,"column":8},"end":{"line":84,"column":60}},"28":{"start":{"line":86,"column":8},"end":{"line":89,"column":10}},"29":{"start":{"line":92,"column":6},"end":{"line":92,"column":18}},"30":{"start":{"line":97,"column":4},"end":{"line":103,"column":9}},"31":{"start":{"line":99,"column":8},"end":{"line":99,"column":35}},"32":{"start":{"line":102,"column":8},"end":{"line":102,"column":18}},"33":{"start":{"line":108,"column":4},"end":{"line":114,"column":9}},"34":{"start":{"line":110,"column":8},"end":{"line":110,"column":35}},"35":{"start":{"line":113,"column":8},"end":{"line":113,"column":18}},"36":{"start":{"line":118,"column":0},"end":{"line":118,"column":33}}},"fnMap":{"0":{"name":"(anonymous_0)","decl":{"start":{"line":8,"column":2},"end":{"line":8,"column":3}},"loc":{"start":{"line":8,"column":36},"end":{"line":26,"column":3}},"line":8},"1":{"name":"(anonymous_1)","decl":{"start":{"line":12,"column":12},"end":{"line":12,"column":13}},"loc":{"start":{"line":12,"column":22},"end":{"line":22,"column":7}},"line":12},"2":{"name":"(anonymous_2)","decl":{"start":{"line":23,"column":13},"end":{"line":23,"column":14}},"loc":{"start":{"line":23,"column":22},"end":{"line":25,"column":7}},"line":23},"3":{"name":"(anonymous_3)","decl":{"start":{"line":27,"column":2},"end":{"line":27,"column":3}},"loc":{"start":{"line":27,"column":45},"end":{"line":44,"column":3}},"line":27},"4":{"name":"(anonymous_4)","decl":{"start":{"line":46,"column":2},"end":{"line":46,"column":3}},"loc":{"start":{"line":46,"column":44},"end":{"line":78,"column":3}},"line":46},"5":{"name":"(anonymous_5)","decl":{"start":{"line":80,"column":2},"end":{"line":80,"column":3}},"loc":{"start":{"line":80,"column":44},"end":{"line":94,"column":3}},"line":80},"6":{"name":"(anonymous_6)","decl":{"start":{"line":96,"column":2},"end":{"line":96,"column":3}},"loc":{"start":{"line":96,"column":38},"end":{"line":104,"column":3}},"line":96},"7":{"name":"(anonymous_7)","decl":{"start":{"line":98,"column":12},"end":{"line":98,"column":13}},"loc":{"start":{"line":98,"column":22},"end":{"line":100,"column":7}},"line":98},"8":{"name":"(anonymous_8)","decl":{"start":{"line":101,"column":13},"end":{"line":101,"column":14}},"loc":{"start":{"line":101,"column":22},"end":{"line":103,"column":7}},"line":101},"9":{"name":"(anonymous_9)","decl":{"start":{"line":107,"column":2},"end":{"line":107,"column":3}},"loc":{"start":{"line":107,"column":42},"end":{"line":115,"column":3}},"line":107},"10":{"name":"(anonymous_10)","decl":{"start":{"line":109,"column":12},"end":{"line":109,"column":13}},"loc":{"start":{"line":109,"column":22},"end":{"line":111,"column":7}},"line":109},"11":{"name":"(anonymous_11)","decl":{"start":{"line":112,"column":13},"end":{"line":112,"column":14}},"loc":{"start":{"line":112,"column":22},"end":{"line":114,"column":7}},"line":112}},"branchMap":{"0":{"loc":{"start":{"line":13,"column":8},"end":{"line":21,"column":9}},"type":"if","locations":[{"start":{"line":13,"column":8},"end":{"line":21,"column":9}},{"start":{"line":13,"column":8},"end":{"line":21,"column":9}}],"line":13},"1":{"loc":{"start":{"line":18,"column":15},"end":{"line":21,"column":9}},"type":"if","locations":[{"start":{"line":18,"column":15},"end":{"line":21,"column":9}},{"start":{"line":18,"column":15},"end":{"line":21,"column":9}}],"line":18},"2":{"loc":{"start":{"line":29,"column":6},"end":{"line":40,"column":7}},"type":"if","locations":[{"start":{"line":29,"column":6},"end":{"line":40,"column":7}},{"start":{"line":29,"column":6},"end":{"line":40,"column":7}}],"line":29},"3":{"loc":{"start":{"line":48,"column":6},"end":{"line":74,"column":7}},"type":"if","locations":[{"start":{"line":48,"column":6},"end":{"line":74,"column":7}},{"start":{"line":48,"column":6},"end":{"line":74,"column":7}}],"line":48},"4":{"loc":{"start":{"line":82,"column":6},"end":{"line":90,"column":7}},"type":"if","locations":[{"start":{"line":82,"column":6},"end":{"line":90,"column":7}},{"start":{"line":82,"column":6},"end":{"line":90,"column":7}}],"line":82}},"s":{"0":3,"1":3,"2":3,"3":3,"4":3,"5":2,"6":2,"7":1,"8":1,"9":1,"10":1,"11":1,"12":3,"13":3,"14":1,"15":2,"16":1,"17":2,"18":2,"19":2,"20":1,"21":1,"22":1,"23":1,"24":2,"25":2,"26":1,"27":1,"28":1,"29":1,"30":1,"31":1,"32":0,"33":1,"34":1,"35":0,"36":3},"f":{"0":2,"1":2,"2":1,"3":3,"4":2,"5":2,"6":1,"7":1,"8":0,"9":1,"10":1,"11":0},"b":{"0":[1,1],"1":[1,0],"2":[1,2],"3":[1,1],"4":[1,1]},"_coverageSchema":"1a1c01bbd47fc00a2c39e90264f33305004495a9","hash":"d499ddca68d43875ffa841a69a38ad6b809978a0"}
,"/home/opik/Desktop/hacktiv8/iniserser2/nukang-server/services/nukang/controllers/tukang-controller.js": {"path":"/home/opik/Desktop/hacktiv8/iniserser2/nukang-server/services/nukang/controllers/tukang-controller.js","statementMap":{"0":{"start":{"line":1,"column":20},"end":{"line":1,"column":47}},"1":{"start":{"line":2,"column":19},"end":{"line":2,"column":45}},"2":{"start":{"line":3,"column":20},"end":{"line":3,"column":55}},"3":{"start":{"line":4,"column":19},"end":{"line":4,"column":51}},"4":{"start":{"line":5,"column":14},"end":{"line":5,"column":30}},"5":{"start":{"line":10,"column":4},"end":{"line":43,"column":5}},"6":{"start":{"line":11,"column":6},"end":{"line":40,"column":7}},"7":{"start":{"line":12,"column":21},"end":{"line":23,"column":10}},"8":{"start":{"line":24,"column":8},"end":{"line":34,"column":11}},"9":{"start":{"line":36,"column":8},"end":{"line":39,"column":10}},"10":{"start":{"line":42,"column":6},"end":{"line":42,"column":18}},"11":{"start":{"line":47,"column":4},"end":{"line":69,"column":5}},"12":{"start":{"line":48,"column":6},"end":{"line":66,"column":7}},"13":{"start":{"line":49,"column":30},"end":{"line":49,"column":32}},"14":{"start":{"line":50,"column":8},"end":{"line":52,"column":9}},"15":{"start":{"line":50,"column":21},"end":{"line":50,"column":22}},"16":{"start":{"line":51,"column":10},"end":{"line":51,"column":71}},"17":{"start":{"line":53,"column":23},"end":{"line":53,"column":74}},"18":{"start":{"line":54,"column":21},"end":{"line":57,"column":10}},"19":{"start":{"line":58,"column":8},"end":{"line":60,"column":11}},"20":{"start":{"line":62,"column":8},"end":{"line":65,"column":9}},"21":{"start":{"line":68,"column":6},"end":{"line":68,"column":18}},"22":{"start":{"line":73,"column":4},"end":{"line":90,"column":5}},"23":{"start":{"line":74,"column":6},"end":{"line":87,"column":7}},"24":{"start":{"line":75,"column":31},"end":{"line":75,"column":65}},"25":{"start":{"line":76,"column":22},"end":{"line":76,"column":62}},"26":{"start":{"line":77,"column":21},"end":{"line":80,"column":10}},"27":{"start":{"line":81,"column":8},"end":{"line":81,"column":52}},"28":{"start":{"line":83,"column":8},"end":{"line":86,"column":9}},"29":{"start":{"line":89,"column":6},"end":{"line":89,"column":18}},"30":{"start":{"line":94,"column":4},"end":{"line":119,"column":5}},"31":{"start":{"line":95,"column":6},"end":{"line":116,"column":7}},"32":{"start":{"line":96,"column":21},"end":{"line":96,"column":61}},"33":{"start":{"line":97,"column":8},"end":{"line":110,"column":11}},"34":{"start":{"line":112,"column":8},"end":{"line":115,"column":10}},"35":{"start":{"line":118,"column":6},"end":{"line":118,"column":18}},"36":{"start":{"line":123,"column":4},"end":{"line":150,"column":5}},"37":{"start":{"line":124,"column":6},"end":{"line":147,"column":7}},"38":{"start":{"line":125,"column":8},"end":{"line":128,"column":10}},"39":{"start":{"line":130,"column":21},"end":{"line":132,"column":10}},"40":{"start":{"line":133,"column":8},"end":{"line":146,"column":9}},"41":{"start":{"line":134,"column":10},"end":{"line":137,"column":12}},"42":{"start":{"line":138,"column":15},"end":{"line":146,"column":9}},"43":{"start":{"line":139,"column":31},"end":{"line":139,"column":43}},"44":{"start":{"line":140,"column":10},"end":{"line":140,"column":77}},"45":{"start":{"line":142,"column":10},"end":{"line":145,"column":12}},"46":{"start":{"line":149,"column":6},"end":{"line":149,"column":18}},"47":{"start":{"line":154,"column":4},"end":{"line":166,"column":5}},"48":{"start":{"line":155,"column":6},"end":{"line":163,"column":7}},"49":{"start":{"line":156,"column":21},"end":{"line":156,"column":68}},"50":{"start":{"line":157,"column":8},"end":{"line":157,"column":35}},"51":{"start":{"line":159,"column":8},"end":{"line":162,"column":10}},"52":{"start":{"line":165,"column":6},"end":{"line":165,"column":18}},"53":{"start":{"line":170,"column":4},"end":{"line":182,"column":5}},"54":{"start":{"line":171,"column":6},"end":{"line":179,"column":7}},"55":{"start":{"line":172,"column":21},"end":{"line":172,"column":65}},"56":{"start":{"line":173,"column":8},"end":{"line":173,"column":41}},"57":{"start":{"line":175,"column":8},"end":{"line":178,"column":10}},"58":{"start":{"line":181,"column":6},"end":{"line":181,"column":18}},"59":{"start":{"line":186,"column":4},"end":{"line":198,"column":5}},"60":{"start":{"line":187,"column":6},"end":{"line":195,"column":7}},"61":{"start":{"line":188,"column":21},"end":{"line":188,"column":65}},"62":{"start":{"line":189,"column":8},"end":{"line":189,"column":41}},"63":{"start":{"line":191,"column":8},"end":{"line":194,"column":10}},"64":{"start":{"line":197,"column":6},"end":{"line":197,"column":18}},"65":{"start":{"line":202,"column":0},"end":{"line":202,"column":34}}},"fnMap":{"0":{"name":"(anonymous_0)","decl":{"start":{"line":9,"column":2},"end":{"line":9,"column":3}},"loc":{"start":{"line":9,"column":44},"end":{"line":44,"column":3}},"line":9},"1":{"name":"(anonymous_1)","decl":{"start":{"line":46,"column":2},"end":{"line":46,"column":3}},"loc":{"start":{"line":46,"column":44},"end":{"line":70,"column":3}},"line":46},"2":{"name":"(anonymous_2)","decl":{"start":{"line":72,"column":2},"end":{"line":72,"column":3}},"loc":{"start":{"line":72,"column":44},"end":{"line":91,"column":3}},"line":72},"3":{"name":"(anonymous_3)","decl":{"start":{"line":93,"column":2},"end":{"line":93,"column":3}},"loc":{"start":{"line":93,"column":45},"end":{"line":120,"column":3}},"line":93},"4":{"name":"(anonymous_4)","decl":{"start":{"line":122,"column":2},"end":{"line":122,"column":3}},"loc":{"start":{"line":122,"column":43},"end":{"line":151,"column":3}},"line":122},"5":{"name":"(anonymous_5)","decl":{"start":{"line":153,"column":2},"end":{"line":153,"column":3}},"loc":{"start":{"line":153,"column":44},"end":{"line":167,"column":3}},"line":153},"6":{"name":"(anonymous_6)","decl":{"start":{"line":169,"column":2},"end":{"line":169,"column":3}},"loc":{"start":{"line":169,"column":51},"end":{"line":183,"column":3}},"line":169},"7":{"name":"(anonymous_7)","decl":{"start":{"line":185,"column":2},"end":{"line":185,"column":3}},"loc":{"start":{"line":185,"column":51},"end":{"line":199,"column":3}},"line":185}},"branchMap":{"0":{"loc":{"start":{"line":11,"column":6},"end":{"line":40,"column":7}},"type":"if","locations":[{"start":{"line":11,"column":6},"end":{"line":40,"column":7}},{"start":{"line":11,"column":6},"end":{"line":40,"column":7}}],"line":11},"1":{"loc":{"start":{"line":48,"column":6},"end":{"line":66,"column":7}},"type":"if","locations":[{"start":{"line":48,"column":6},"end":{"line":66,"column":7}},{"start":{"line":48,"column":6},"end":{"line":66,"column":7}}],"line":48},"2":{"loc":{"start":{"line":48,"column":10},"end":{"line":48,"column":74}},"type":"binary-expr","locations":[{"start":{"line":48,"column":10},"end":{"line":48,"column":48}},{"start":{"line":48,"column":52},"end":{"line":48,"column":74}}],"line":48},"3":{"loc":{"start":{"line":74,"column":6},"end":{"line":87,"column":7}},"type":"if","locations":[{"start":{"line":74,"column":6},"end":{"line":87,"column":7}},{"start":{"line":74,"column":6},"end":{"line":87,"column":7}}],"line":74},"4":{"loc":{"start":{"line":74,"column":10},"end":{"line":74,"column":69}},"type":"binary-expr","locations":[{"start":{"line":74,"column":10},"end":{"line":74,"column":44}},{"start":{"line":74,"column":48},"end":{"line":74,"column":69}}],"line":74},"5":{"loc":{"start":{"line":95,"column":6},"end":{"line":116,"column":7}},"type":"if","locations":[{"start":{"line":95,"column":6},"end":{"line":116,"column":7}},{"start":{"line":95,"column":6},"end":{"line":116,"column":7}}],"line":95},"6":{"loc":{"start":{"line":124,"column":6},"end":{"line":147,"column":7}},"type":"if","locations":[{"start":{"line":124,"column":6},"end":{"line":147,"column":7}},{"start":{"line":124,"column":6},"end":{"line":147,"column":7}}],"line":124},"7":{"loc":{"start":{"line":133,"column":8},"end":{"line":146,"column":9}},"type":"if","locations":[{"start":{"line":133,"column":8},"end":{"line":146,"column":9}},{"start":{"line":133,"column":8},"end":{"line":146,"column":9}}],"line":133},"8":{"loc":{"start":{"line":138,"column":15},"end":{"line":146,"column":9}},"type":"if","locations":[{"start":{"line":138,"column":15},"end":{"line":146,"column":9}},{"start":{"line":138,"column":15},"end":{"line":146,"column":9}}],"line":138},"9":{"loc":{"start":{"line":155,"column":6},"end":{"line":163,"column":7}},"type":"if","locations":[{"start":{"line":155,"column":6},"end":{"line":163,"column":7}},{"start":{"line":155,"column":6},"end":{"line":163,"column":7}}],"line":155},"10":{"loc":{"start":{"line":171,"column":6},"end":{"line":179,"column":7}},"type":"if","locations":[{"start":{"line":171,"column":6},"end":{"line":179,"column":7}},{"start":{"line":171,"column":6},"end":{"line":179,"column":7}}],"line":171},"11":{"loc":{"start":{"line":187,"column":6},"end":{"line":195,"column":7}},"type":"if","locations":[{"start":{"line":187,"column":6},"end":{"line":195,"column":7}},{"start":{"line":187,"column":6},"end":{"line":195,"column":7}}],"line":187}},"s":{"0":3,"1":3,"2":3,"3":3,"4":3,"5":2,"6":2,"7":1,"8":1,"9":1,"10":1,"11":2,"12":2,"13":1,"14":1,"15":1,"16":1,"17":1,"18":1,"19":1,"20":1,"21":1,"22":2,"23":2,"24":1,"25":1,"26":1,"27":1,"28":1,"29":1,"30":3,"31":3,"32":2,"33":1,"34":1,"35":2,"36":4,"37":4,"38":1,"39":3,"40":3,"41":1,"42":2,"43":1,"44":1,"45":1,"46":3,"47":2,"48":2,"49":1,"50":1,"51":1,"52":1,"53":2,"54":2,"55":1,"56":1,"57":1,"58":1,"59":2,"60":2,"61":1,"62":1,"63":1,"64":1,"65":3},"f":{"0":2,"1":2,"2":2,"3":3,"4":4,"5":2,"6":2,"7":2},"b":{"0":[1,1],"1":[1,1],"2":[2,1],"3":[1,1],"4":[2,1],"5":[2,1],"6":[1,3],"7":[1,2],"8":[1,1],"9":[1,1],"10":[1,1],"11":[1,1]},"_coverageSchema":"1a1c01bbd47fc00a2c39e90264f33305004495a9","hash":"5fc63619d2d01c3d13e5ba5b166f31df5fc0f011"}
,"/home/opik/Desktop/hacktiv8/iniserser2/nukang-server/services/nukang/controllers/user-controller.js": {"path":"/home/opik/Desktop/hacktiv8/iniserser2/nukang-server/services/nukang/controllers/user-controller.js","statementMap":{"0":{"start":{"line":1,"column":18},"end":{"line":1,"column":44}},"1":{"start":{"line":2,"column":19},"end":{"line":2,"column":45}},"2":{"start":{"line":3,"column":20},"end":{"line":3,"column":47}},"3":{"start":{"line":4,"column":20},"end":{"line":4,"column":55}},"4":{"start":{"line":5,"column":19},"end":{"line":5,"column":51}},"5":{"start":{"line":6,"column":25},"end":{"line":6,"column":54}},"6":{"start":{"line":10,"column":4},"end":{"line":28,"column":5}},"7":{"start":{"line":11,"column":6},"end":{"line":25,"column":7}},"8":{"start":{"line":12,"column":8},"end":{"line":15,"column":10}},"9":{"start":{"line":17,"column":21},"end":{"line":21,"column":10}},"10":{"start":{"line":22,"column":8},"end":{"line":24,"column":70}},"11":{"start":{"line":27,"column":6},"end":{"line":27,"column":18}},"12":{"start":{"line":32,"column":4},"end":{"line":59,"column":5}},"13":{"start":{"line":33,"column":6},"end":{"line":56,"column":7}},"14":{"start":{"line":34,"column":8},"end":{"line":37,"column":10}},"15":{"start":{"line":39,"column":21},"end":{"line":41,"column":10}},"16":{"start":{"line":42,"column":8},"end":{"line":55,"column":9}},"17":{"start":{"line":43,"column":10},"end":{"line":46,"column":12}},"18":{"start":{"line":47,"column":15},"end":{"line":55,"column":9}},"19":{"start":{"line":48,"column":31},"end":{"line":48,"column":43}},"20":{"start":{"line":49,"column":10},"end":{"line":49,"column":77}},"21":{"start":{"line":51,"column":10},"end":{"line":54,"column":12}},"22":{"start":{"line":58,"column":6},"end":{"line":58,"column":18}},"23":{"start":{"line":63,"column":4},"end":{"line":86,"column":5}},"24":{"start":{"line":64,"column":6},"end":{"line":83,"column":7}},"25":{"start":{"line":65,"column":25},"end":{"line":65,"column":72}},"26":{"start":{"line":66,"column":27},"end":{"line":66,"column":71}},"27":{"start":{"line":67,"column":21},"end":{"line":76,"column":10}},"28":{"start":{"line":77,"column":8},"end":{"line":77,"column":35}},"29":{"start":{"line":79,"column":8},"end":{"line":82,"column":10}},"30":{"start":{"line":85,"column":6},"end":{"line":85,"column":18}},"31":{"start":{"line":90,"column":4},"end":{"line":102,"column":5}},"32":{"start":{"line":91,"column":6},"end":{"line":99,"column":7}},"33":{"start":{"line":92,"column":21},"end":{"line":92,"column":66}},"34":{"start":{"line":93,"column":8},"end":{"line":93,"column":35}},"35":{"start":{"line":95,"column":8},"end":{"line":98,"column":10}},"36":{"start":{"line":101,"column":6},"end":{"line":101,"column":18}},"37":{"start":{"line":107,"column":4},"end":{"line":122,"column":5}},"38":{"start":{"line":108,"column":6},"end":{"line":119,"column":7}},"39":{"start":{"line":109,"column":21},"end":{"line":112,"column":10}},"40":{"start":{"line":113,"column":8},"end":{"line":113,"column":41}},"41":{"start":{"line":115,"column":8},"end":{"line":118,"column":10}},"42":{"start":{"line":121,"column":6},"end":{"line":121,"column":18}},"43":{"start":{"line":127,"column":4},"end":{"line":152,"column":5}},"44":{"start":{"line":128,"column":6},"end":{"line":149,"column":7}},"45":{"start":{"line":129,"column":21},"end":{"line":129,"column":61}},"46":{"start":{"line":130,"column":8},"end":{"line":143,"column":11}},"47":{"start":{"line":145,"column":8},"end":{"line":148,"column":10}},"48":{"start":{"line":151,"column":6},"end":{"line":151,"column":18}},"49":{"start":{"line":156,"column":4},"end":{"line":172,"column":5}},"50":{"start":{"line":157,"column":6},"end":{"line":169,"column":7}},"51":{"start":{"line":158,"column":21},"end":{"line":158,"column":66}},"52":{"start":{"line":159,"column":8},"end":{"line":163,"column":11}},"53":{"start":{"line":165,"column":8},"end":{"line":168,"column":10}},"54":{"start":{"line":171,"column":6},"end":{"line":171,"column":18}},"55":{"start":{"line":177,"column":4},"end":{"line":189,"column":5}},"56":{"start":{"line":178,"column":6},"end":{"line":186,"column":7}},"57":{"start":{"line":179,"column":21},"end":{"line":179,"column":68}},"58":{"start":{"line":180,"column":8},"end":{"line":180,"column":35}},"59":{"start":{"line":182,"column":8},"end":{"line":185,"column":10}},"60":{"start":{"line":188,"column":6},"end":{"line":188,"column":18}},"61":{"start":{"line":194,"column":4},"end":{"line":199,"column":5}},"62":{"start":{"line":195,"column":19},"end":{"line":195,"column":45}},"63":{"start":{"line":196,"column":6},"end":{"line":196,"column":33}},"64":{"start":{"line":198,"column":6},"end":{"line":198,"column":18}},"65":{"start":{"line":203,"column":0},"end":{"line":203,"column":32}}},"fnMap":{"0":{"name":"(anonymous_0)","decl":{"start":{"line":9,"column":2},"end":{"line":9,"column":3}},"loc":{"start":{"line":9,"column":44},"end":{"line":29,"column":3}},"line":9},"1":{"name":"(anonymous_1)","decl":{"start":{"line":31,"column":2},"end":{"line":31,"column":3}},"loc":{"start":{"line":31,"column":41},"end":{"line":60,"column":3}},"line":31},"2":{"name":"(anonymous_2)","decl":{"start":{"line":62,"column":2},"end":{"line":62,"column":3}},"loc":{"start":{"line":62,"column":43},"end":{"line":87,"column":3}},"line":62},"3":{"name":"(anonymous_3)","decl":{"start":{"line":89,"column":2},"end":{"line":89,"column":3}},"loc":{"start":{"line":89,"column":42},"end":{"line":103,"column":3}},"line":89},"4":{"name":"(anonymous_4)","decl":{"start":{"line":106,"column":2},"end":{"line":106,"column":3}},"loc":{"start":{"line":106,"column":47},"end":{"line":123,"column":3}},"line":106},"5":{"name":"(anonymous_5)","decl":{"start":{"line":126,"column":2},"end":{"line":126,"column":3}},"loc":{"start":{"line":126,"column":47},"end":{"line":153,"column":3}},"line":126},"6":{"name":"(anonymous_6)","decl":{"start":{"line":155,"column":2},"end":{"line":155,"column":3}},"loc":{"start":{"line":155,"column":46},"end":{"line":173,"column":3}},"line":155},"7":{"name":"(anonymous_7)","decl":{"start":{"line":176,"column":2},"end":{"line":176,"column":3}},"loc":{"start":{"line":176,"column":49},"end":{"line":190,"column":3}},"line":176},"8":{"name":"(anonymous_8)","decl":{"start":{"line":193,"column":2},"end":{"line":193,"column":3}},"loc":{"start":{"line":193,"column":48},"end":{"line":200,"column":3}},"line":193}},"branchMap":{"0":{"loc":{"start":{"line":11,"column":6},"end":{"line":25,"column":7}},"type":"if","locations":[{"start":{"line":11,"column":6},"end":{"line":25,"column":7}},{"start":{"line":11,"column":6},"end":{"line":25,"column":7}}],"line":11},"1":{"loc":{"start":{"line":33,"column":6},"end":{"line":56,"column":7}},"type":"if","locations":[{"start":{"line":33,"column":6},"end":{"line":56,"column":7}},{"start":{"line":33,"column":6},"end":{"line":56,"column":7}}],"line":33},"2":{"loc":{"start":{"line":42,"column":8},"end":{"line":55,"column":9}},"type":"if","locations":[{"start":{"line":42,"column":8},"end":{"line":55,"column":9}},{"start":{"line":42,"column":8},"end":{"line":55,"column":9}}],"line":42},"3":{"loc":{"start":{"line":47,"column":15},"end":{"line":55,"column":9}},"type":"if","locations":[{"start":{"line":47,"column":15},"end":{"line":55,"column":9}},{"start":{"line":47,"column":15},"end":{"line":55,"column":9}}],"line":47},"4":{"loc":{"start":{"line":64,"column":6},"end":{"line":83,"column":7}},"type":"if","locations":[{"start":{"line":64,"column":6},"end":{"line":83,"column":7}},{"start":{"line":64,"column":6},"end":{"line":83,"column":7}}],"line":64},"5":{"loc":{"start":{"line":91,"column":6},"end":{"line":99,"column":7}},"type":"if","locations":[{"start":{"line":91,"column":6},"end":{"line":99,"column":7}},{"start":{"line":91,"column":6},"end":{"line":99,"column":7}}],"line":91},"6":{"loc":{"start":{"line":108,"column":6},"end":{"line":119,"column":7}},"type":"if","locations":[{"start":{"line":108,"column":6},"end":{"line":119,"column":7}},{"start":{"line":108,"column":6},"end":{"line":119,"column":7}}],"line":108},"7":{"loc":{"start":{"line":128,"column":6},"end":{"line":149,"column":7}},"type":"if","locations":[{"start":{"line":128,"column":6},"end":{"line":149,"column":7}},{"start":{"line":128,"column":6},"end":{"line":149,"column":7}}],"line":128},"8":{"loc":{"start":{"line":157,"column":6},"end":{"line":169,"column":7}},"type":"if","locations":[{"start":{"line":157,"column":6},"end":{"line":169,"column":7}},{"start":{"line":157,"column":6},"end":{"line":169,"column":7}}],"line":157},"9":{"loc":{"start":{"line":178,"column":6},"end":{"line":186,"column":7}},"type":"if","locations":[{"start":{"line":178,"column":6},"end":{"line":186,"column":7}},{"start":{"line":178,"column":6},"end":{"line":186,"column":7}}],"line":178}},"s":{"0":3,"1":3,"2":3,"3":3,"4":3,"5":3,"6":2,"7":2,"8":1,"9":1,"10":1,"11":1,"12":4,"13":4,"14":1,"15":3,"16":3,"17":1,"18":2,"19":1,"20":1,"21":1,"22":3,"23":2,"24":2,"25":1,"26":1,"27":1,"28":1,"29":1,"30":1,"31":2,"32":2,"33":1,"34":1,"35":1,"36":1,"37":2,"38":2,"39":1,"40":1,"41":1,"42":1,"43":2,"44":2,"45":1,"46":1,"47":1,"48":1,"49":2,"50":2,"51":1,"52":1,"53":1,"54":1,"55":2,"56":2,"57":1,"58":1,"59":1,"60":1,"61":1,"62":1,"63":1,"64":0,"65":3},"f":{"0":2,"1":4,"2":2,"3":2,"4":2,"5":2,"6":2,"7":2,"8":1},"b":{"0":[1,1],"1":[1,3],"2":[1,2],"3":[1,1],"4":[1,1],"5":[1,1],"6":[1,1],"7":[1,1],"8":[1,1],"9":[1,1]},"_coverageSchema":"1a1c01bbd47fc00a2c39e90264f33305004495a9","hash":"52e9514f7e00223575cc267d9900a83b30c0c509"}
,"/home/opik/Desktop/hacktiv8/iniserser2/nukang-server/services/nukang/helpers/bcrypt-helper.js": {"path":"/home/opik/Desktop/hacktiv8/iniserser2/nukang-server/services/nukang/helpers/bcrypt-helper.js","statementMap":{"0":{"start":{"line":1,"column":15},"end":{"line":1,"column":34}},"1":{"start":{"line":4,"column":2},"end":{"line":4,"column":35}},"2":{"start":{"line":8,"column":2},"end":{"line":8,"column":42}},"3":{"start":{"line":11,"column":0},"end":{"line":11,"column":35}}},"fnMap":{"0":{"name":"hash","decl":{"start":{"line":3,"column":9},"end":{"line":3,"column":13}},"loc":{"start":{"line":3,"column":20},"end":{"line":5,"column":1}},"line":3},"1":{"name":"compare","decl":{"start":{"line":7,"column":9},"end":{"line":7,"column":16}},"loc":{"start":{"line":7,"column":31},"end":{"line":9,"column":1}},"line":7}},"branchMap":{},"s":{"0":3,"1":8,"2":5,"3":3},"f":{"0":8,"1":5},"b":{},"_coverageSchema":"1a1c01bbd47fc00a2c39e90264f33305004495a9","hash":"148d23faf41177323198b3097ad01786d81edc34"}
,"/home/opik/Desktop/hacktiv8/iniserser2/nukang-server/services/nukang/helpers/jwt-helper.js": {"path":"/home/opik/Desktop/hacktiv8/iniserser2/nukang-server/services/nukang/helpers/jwt-helper.js","statementMap":{"0":{"start":{"line":1,"column":12},"end":{"line":1,"column":35}},"1":{"start":{"line":3,"column":0},"end":{"line":17,"column":2}},"2":{"start":{"line":5,"column":4},"end":{"line":12,"column":6}},"3":{"start":{"line":15,"column":4},"end":{"line":15,"column":39}}},"fnMap":{"0":{"name":"(anonymous_0)","decl":{"start":{"line":4,"column":2},"end":{"line":4,"column":3}},"loc":{"start":{"line":4,"column":15},"end":{"line":13,"column":3}},"line":4},"1":{"name":"(anonymous_1)","decl":{"start":{"line":14,"column":2},"end":{"line":14,"column":3}},"loc":{"start":{"line":14,"column":16},"end":{"line":16,"column":3}},"line":14}},"branchMap":{},"s":{"0":3,"1":3,"2":7,"3":49},"f":{"0":7,"1":49},"b":{},"_coverageSchema":"1a1c01bbd47fc00a2c39e90264f33305004495a9","hash":"1f88378deef609576d4a2be70dbe99fb92577d6a"}
,"/home/opik/Desktop/hacktiv8/iniserser2/nukang-server/services/nukang/middlewares/authentication.js": {"path":"/home/opik/Desktop/hacktiv8/iniserser2/nukang-server/services/nukang/middlewares/authentication.js","statementMap":{"0":{"start":{"line":1,"column":19},"end":{"line":1,"column":51}},"1":{"start":{"line":3,"column":0},"end":{"line":19,"column":2}},"2":{"start":{"line":4,"column":2},"end":{"line":18,"column":3}},"3":{"start":{"line":5,"column":29},"end":{"line":5,"column":40}},"4":{"start":{"line":6,"column":4},"end":{"line":15,"column":5}},"5":{"start":{"line":7,"column":6},"end":{"line":10,"column":8}},"6":{"start":{"line":12,"column":22},"end":{"line":12,"column":42}},"7":{"start":{"line":13,"column":6},"end":{"line":13,"column":29}},"8":{"start":{"line":14,"column":6},"end":{"line":14,"column":13}},"9":{"start":{"line":17,"column":4},"end":{"line":17,"column":14}}},"fnMap":{"0":{"name":"(anonymous_0)","decl":{"start":{"line":3,"column":17},"end":{"line":3,"column":18}},"loc":{"start":{"line":3,"column":37},"end":{"line":19,"column":1}},"line":3}},"branchMap":{"0":{"loc":{"start":{"line":6,"column":4},"end":{"line":15,"column":5}},"type":"if","locations":[{"start":{"line":6,"column":4},"end":{"line":15,"column":5}},{"start":{"line":6,"column":4},"end":{"line":15,"column":5}}],"line":6}},"s":{"0":3,"1":3,"2":63,"3":63,"4":63,"5":14,"6":49,"7":49,"8":49,"9":14},"f":{"0":63},"b":{"0":[14,49]},"_coverageSchema":"1a1c01bbd47fc00a2c39e90264f33305004495a9","hash":"ac878fba71a808d5bbb5bf83c61a0e95cd202c66"}
,"/home/opik/Desktop/hacktiv8/iniserser2/nukang-server/services/nukang/middlewares/authorization_admin.js": {"path":"/home/opik/Desktop/hacktiv8/iniserser2/nukang-server/services/nukang/middlewares/authorization_admin.js","statementMap":{"0":{"start":{"line":1,"column":0},"end":{"line":14,"column":2}},"1":{"start":{"line":2,"column":2},"end":{"line":13,"column":3}},"2":{"start":{"line":3,"column":4},"end":{"line":10,"column":5}},"3":{"start":{"line":4,"column":6},"end":{"line":7,"column":8}},"4":{"start":{"line":9,"column":6},"end":{"line":9,"column":13}},"5":{"start":{"line":12,"column":4},"end":{"line":12,"column":14}}},"fnMap":{"0":{"name":"(anonymous_0)","decl":{"start":{"line":1,"column":17},"end":{"line":1,"column":18}},"loc":{"start":{"line":1,"column":37},"end":{"line":14,"column":1}},"line":1}},"branchMap":{"0":{"loc":{"start":{"line":3,"column":4},"end":{"line":10,"column":5}},"type":"if","locations":[{"start":{"line":3,"column":4},"end":{"line":10,"column":5}},{"start":{"line":3,"column":4},"end":{"line":10,"column":5}}],"line":3}},"s":{"0":3,"1":10,"2":10,"3":4,"4":6,"5":4},"f":{"0":10},"b":{"0":[4,6]},"_coverageSchema":"1a1c01bbd47fc00a2c39e90264f33305004495a9","hash":"b2a4e8c6e43e566249b016876c44118707c48e24"}
,"/home/opik/Desktop/hacktiv8/iniserser2/nukang-server/services/nukang/middlewares/authorization_tukang.js": {"path":"/home/opik/Desktop/hacktiv8/iniserser2/nukang-server/services/nukang/middlewares/authorization_tukang.js","statementMap":{"0":{"start":{"line":1,"column":0},"end":{"line":14,"column":2}},"1":{"start":{"line":2,"column":2},"end":{"line":13,"column":3}},"2":{"start":{"line":3,"column":4},"end":{"line":10,"column":5}},"3":{"start":{"line":4,"column":6},"end":{"line":7,"column":8}},"4":{"start":{"line":9,"column":6},"end":{"line":9,"column":13}},"5":{"start":{"line":12,"column":4},"end":{"line":12,"column":14}}},"fnMap":{"0":{"name":"(anonymous_0)","decl":{"start":{"line":1,"column":17},"end":{"line":1,"column":18}},"loc":{"start":{"line":1,"column":37},"end":{"line":14,"column":1}},"line":1}},"branchMap":{"0":{"loc":{"start":{"line":3,"column":4},"end":{"line":10,"column":5}},"type":"if","locations":[{"start":{"line":3,"column":4},"end":{"line":10,"column":5}},{"start":{"line":3,"column":4},"end":{"line":10,"column":5}}],"line":3}},"s":{"0":3,"1":19,"2":19,"3":4,"4":15,"5":4},"f":{"0":19},"b":{"0":[4,15]},"_coverageSchema":"1a1c01bbd47fc00a2c39e90264f33305004495a9","hash":"6105bbe416e6bc4f11abfd659e3d11466cc18fbe"}
,"/home/opik/Desktop/hacktiv8/iniserser2/nukang-server/services/nukang/middlewares/authorization_user.js": {"path":"/home/opik/Desktop/hacktiv8/iniserser2/nukang-server/services/nukang/middlewares/authorization_user.js","statementMap":{"0":{"start":{"line":1,"column":0},"end":{"line":14,"column":2}},"1":{"start":{"line":2,"column":2},"end":{"line":13,"column":3}},"2":{"start":{"line":3,"column":4},"end":{"line":10,"column":5}},"3":{"start":{"line":4,"column":6},"end":{"line":7,"column":8}},"4":{"start":{"line":9,"column":6},"end":{"line":9,"column":13}},"5":{"start":{"line":12,"column":4},"end":{"line":12,"column":14}}},"fnMap":{"0":{"name":"(anonymous_0)","decl":{"start":{"line":1,"column":17},"end":{"line":1,"column":18}},"loc":{"start":{"line":1,"column":37},"end":{"line":14,"column":1}},"line":1}},"branchMap":{"0":{"loc":{"start":{"line":3,"column":4},"end":{"line":10,"column":5}},"type":"if","locations":[{"start":{"line":3,"column":4},"end":{"line":10,"column":5}},{"start":{"line":3,"column":4},"end":{"line":10,"column":5}}],"line":3}},"s":{"0":3,"1":20,"2":20,"3":7,"4":13,"5":7},"f":{"0":20},"b":{"0":[7,13]},"_coverageSchema":"1a1c01bbd47fc00a2c39e90264f33305004495a9","hash":"b26c6b58273d36f83f068f6720c7641824217140"}
,"/home/opik/Desktop/hacktiv8/iniserser2/nukang-server/services/nukang/middlewares/errorHandler.js": {"path":"/home/opik/Desktop/hacktiv8/iniserser2/nukang-server/services/nukang/middlewares/errorHandler.js","statementMap":{"0":{"start":{"line":1,"column":0},"end":{"line":9,"column":2}},"1":{"start":{"line":2,"column":2},"end":{"line":8,"column":3}},"2":{"start":{"line":3,"column":4},"end":{"line":5,"column":7}},"3":{"start":{"line":7,"column":4},"end":{"line":7,"column":63}}},"fnMap":{"0":{"name":"(anonymous_0)","decl":{"start":{"line":1,"column":17},"end":{"line":1,"column":18}},"loc":{"start":{"line":1,"column":42},"end":{"line":9,"column":1}},"line":1}},"branchMap":{"0":{"loc":{"start":{"line":2,"column":2},"end":{"line":8,"column":3}},"type":"if","locations":[{"start":{"line":2,"column":2},"end":{"line":8,"column":3}},{"start":{"line":2,"column":2},"end":{"line":8,"column":3}}],"line":2}},"s":{"0":3,"1":55,"2":53,"3":2},"f":{"0":55},"b":{"0":[53,2]},"_coverageSchema":"1a1c01bbd47fc00a2c39e90264f33305004495a9","hash":"77436f073e858da7f34f3c54529d2dd7d0fc90d5"}
,"/home/opik/Desktop/hacktiv8/iniserser2/nukang-server/services/nukang/models/admin.js": {"path":"/home/opik/Desktop/hacktiv8/iniserser2/nukang-server/services/nukang/models/admin.js","statementMap":{"0":{"start":{"line":1,"column":11},"end":{"line":1,"column":37}},"1":{"start":{"line":2,"column":14},"end":{"line":2,"column":36}},"2":{"start":{"line":3,"column":15},"end":{"line":3,"column":39}},"3":{"start":{"line":4,"column":21},"end":{"line":4,"column":39}},"4":{"start":{"line":5,"column":17},"end":{"line":5,"column":52}},"5":{"start":{"line":9,"column":4},"end":{"line":11,"column":7}},"6":{"start":{"line":14,"column":17},"end":{"line":14,"column":39}},"7":{"start":{"line":15,"column":4},"end":{"line":21,"column":7}},"8":{"start":{"line":20,"column":6},"end":{"line":20,"column":25}},"9":{"start":{"line":25,"column":17},"end":{"line":25,"column":39}},"10":{"start":{"line":26,"column":4},"end":{"line":43,"column":7}},"11":{"start":{"line":42,"column":6},"end":{"line":42,"column":25}},"12":{"start":{"line":47,"column":4},"end":{"line":49,"column":7}},"13":{"start":{"line":53,"column":0},"end":{"line":53,"column":28}}},"fnMap":{"0":{"name":"(anonymous_0)","decl":{"start":{"line":8,"column":2},"end":{"line":8,"column":3}},"loc":{"start":{"line":8,"column":24},"end":{"line":12,"column":3}},"line":8},"1":{"name":"(anonymous_1)","decl":{"start":{"line":13,"column":2},"end":{"line":13,"column":3}},"loc":{"start":{"line":13,"column":27},"end":{"line":22,"column":3}},"line":13},"2":{"name":"(anonymous_2)","decl":{"start":{"line":19,"column":12},"end":{"line":19,"column":13}},"loc":{"start":{"line":19,"column":22},"end":{"line":21,"column":5}},"line":19},"3":{"name":"(anonymous_3)","decl":{"start":{"line":24,"column":2},"end":{"line":24,"column":3}},"loc":{"start":{"line":24,"column":28},"end":{"line":44,"column":3}},"line":24},"4":{"name":"(anonymous_4)","decl":{"start":{"line":41,"column":12},"end":{"line":41,"column":13}},"loc":{"start":{"line":41,"column":22},"end":{"line":43,"column":5}},"line":41},"5":{"name":"(anonymous_5)","decl":{"start":{"line":46,"column":2},"end":{"line":46,"column":3}},"loc":{"start":{"line":46,"column":23},"end":{"line":50,"column":3}},"line":46}},"branchMap":{},"s":{"0":3,"1":3,"2":3,"3":3,"4":3,"5":2,"6":2,"7":1,"8":1,"9":1,"10":1,"11":1,"12":1,"13":3},"f":{"0":2,"1":2,"2":1,"3":1,"4":1,"5":1},"b":{},"_coverageSchema":"1a1c01bbd47fc00a2c39e90264f33305004495a9","hash":"4a817900a93815f5fbdce102630a204b59983552"}
,"/home/opik/Desktop/hacktiv8/iniserser2/nukang-server/services/nukang/models/order.js": {"path":"/home/opik/Desktop/hacktiv8/iniserser2/nukang-server/services/nukang/models/order.js","statementMap":{"0":{"start":{"line":1,"column":11},"end":{"line":1,"column":37}},"1":{"start":{"line":2,"column":14},"end":{"line":2,"column":37}},"2":{"start":{"line":3,"column":21},"end":{"line":3,"column":39}},"3":{"start":{"line":7,"column":4},"end":{"line":21,"column":7}},"4":{"start":{"line":20,"column":6},"end":{"line":20,"column":25}},"5":{"start":{"line":25,"column":4},"end":{"line":35,"column":6}},"6":{"start":{"line":39,"column":4},"end":{"line":49,"column":6}},"7":{"start":{"line":53,"column":4},"end":{"line":64,"column":6}},"8":{"start":{"line":68,"column":4},"end":{"line":68,"column":48}},"9":{"start":{"line":72,"column":4},"end":{"line":72,"column":50}},"10":{"start":{"line":76,"column":4},"end":{"line":76,"column":34}},"11":{"start":{"line":80,"column":0},"end":{"line":80,"column":28}}},"fnMap":{"0":{"name":"(anonymous_0)","decl":{"start":{"line":6,"column":2},"end":{"line":6,"column":3}},"loc":{"start":{"line":6,"column":28},"end":{"line":22,"column":3}},"line":6},"1":{"name":"(anonymous_1)","decl":{"start":{"line":19,"column":12},"end":{"line":19,"column":13}},"loc":{"start":{"line":19,"column":22},"end":{"line":21,"column":5}},"line":19},"2":{"name":"(anonymous_2)","decl":{"start":{"line":24,"column":2},"end":{"line":24,"column":3}},"loc":{"start":{"line":24,"column":26},"end":{"line":36,"column":3}},"line":24},"3":{"name":"(anonymous_3)","decl":{"start":{"line":38,"column":2},"end":{"line":38,"column":3}},"loc":{"start":{"line":38,"column":26},"end":{"line":50,"column":3}},"line":38},"4":{"name":"(anonymous_4)","decl":{"start":{"line":52,"column":2},"end":{"line":52,"column":3}},"loc":{"start":{"line":52,"column":29},"end":{"line":65,"column":3}},"line":52},"5":{"name":"(anonymous_5)","decl":{"start":{"line":67,"column":2},"end":{"line":67,"column":3}},"loc":{"start":{"line":67,"column":27},"end":{"line":69,"column":3}},"line":67},"6":{"name":"(anonymous_6)","decl":{"start":{"line":71,"column":2},"end":{"line":71,"column":3}},"loc":{"start":{"line":71,"column":29},"end":{"line":73,"column":3}},"line":71},"7":{"name":"(anonymous_7)","decl":{"start":{"line":75,"column":2},"end":{"line":75,"column":3}},"loc":{"start":{"line":75,"column":19},"end":{"line":77,"column":3}},"line":75}},"branchMap":{},"s":{"0":3,"1":3,"2":3,"3":1,"4":1,"5":1,"6":1,"7":1,"8":1,"9":2,"10":1,"11":3},"f":{"0":1,"1":1,"2":1,"3":1,"4":1,"5":1,"6":2,"7":1},"b":{},"_coverageSchema":"1a1c01bbd47fc00a2c39e90264f33305004495a9","hash":"aac1aff03b99656affddd637cc9d997cd4a4fbaa"}
,"/home/opik/Desktop/hacktiv8/iniserser2/nukang-server/services/nukang/models/tukang.js": {"path":"/home/opik/Desktop/hacktiv8/iniserser2/nukang-server/services/nukang/models/tukang.js","statementMap":{"0":{"start":{"line":1,"column":11},"end":{"line":1,"column":37}},"1":{"start":{"line":2,"column":15},"end":{"line":2,"column":39}},"2":{"start":{"line":3,"column":21},"end":{"line":3,"column":39}},"3":{"start":{"line":7,"column":4},"end":{"line":27,"column":6}},"4":{"start":{"line":31,"column":4},"end":{"line":43,"column":6}},"5":{"start":{"line":47,"column":4},"end":{"line":59,"column":6}},"6":{"start":{"line":63,"column":4},"end":{"line":65,"column":7}},"7":{"start":{"line":69,"column":4},"end":{"line":69,"column":35}},"8":{"start":{"line":73,"column":4},"end":{"line":75,"column":7}},"9":{"start":{"line":79,"column":0},"end":{"line":79,"column":29}}},"fnMap":{"0":{"name":"(anonymous_0)","decl":{"start":{"line":6,"column":2},"end":{"line":6,"column":3}},"loc":{"start":{"line":6,"column":28},"end":{"line":28,"column":3}},"line":6},"1":{"name":"(anonymous_1)","decl":{"start":{"line":30,"column":2},"end":{"line":30,"column":3}},"loc":{"start":{"line":30,"column":31},"end":{"line":44,"column":3}},"line":30},"2":{"name":"(anonymous_2)","decl":{"start":{"line":46,"column":2},"end":{"line":46,"column":3}},"loc":{"start":{"line":46,"column":31},"end":{"line":60,"column":3}},"line":46},"3":{"name":"(anonymous_3)","decl":{"start":{"line":62,"column":2},"end":{"line":62,"column":3}},"loc":{"start":{"line":62,"column":24},"end":{"line":66,"column":3}},"line":62},"4":{"name":"(anonymous_4)","decl":{"start":{"line":68,"column":2},"end":{"line":68,"column":3}},"loc":{"start":{"line":68,"column":18},"end":{"line":70,"column":3}},"line":68},"5":{"name":"(anonymous_5)","decl":{"start":{"line":72,"column":2},"end":{"line":72,"column":3}},"loc":{"start":{"line":72,"column":21},"end":{"line":76,"column":3}},"line":72}},"branchMap":{},"s":{"0":3,"1":3,"2":3,"3":1,"4":1,"5":1,"6":3,"7":2,"8":4,"9":3},"f":{"0":1,"1":1,"2":1,"3":3,"4":2,"5":4},"b":{},"_coverageSchema":"1a1c01bbd47fc00a2c39e90264f33305004495a9","hash":"3898a026287a284d9cce5971715d2197657695d4"}
,"/home/opik/Desktop/hacktiv8/iniserser2/nukang-server/services/nukang/models/users.js": {"path":"/home/opik/Desktop/hacktiv8/iniserser2/nukang-server/services/nukang/models/users.js","statementMap":{"0":{"start":{"line":1,"column":11},"end":{"line":1,"column":37}},"1":{"start":{"line":2,"column":13},"end":{"line":2,"column":35}},"2":{"start":{"line":3,"column":17},"end":{"line":3,"column":52}},"3":{"start":{"line":4,"column":21},"end":{"line":4,"column":39}},"4":{"start":{"line":8,"column":17},"end":{"line":8,"column":39}},"5":{"start":{"line":9,"column":4},"end":{"line":16,"column":7}},"6":{"start":{"line":15,"column":6},"end":{"line":15,"column":25}},"7":{"start":{"line":20,"column":4},"end":{"line":22,"column":7}},"8":{"start":{"line":26,"column":4},"end":{"line":28,"column":7}},"9":{"start":{"line":32,"column":0},"end":{"line":32,"column":27}}},"fnMap":{"0":{"name":"(anonymous_0)","decl":{"start":{"line":7,"column":2},"end":{"line":7,"column":3}},"loc":{"start":{"line":7,"column":27},"end":{"line":17,"column":3}},"line":7},"1":{"name":"(anonymous_1)","decl":{"start":{"line":14,"column":12},"end":{"line":14,"column":13}},"loc":{"start":{"line":14,"column":22},"end":{"line":16,"column":5}},"line":14},"2":{"name":"(anonymous_2)","decl":{"start":{"line":19,"column":2},"end":{"line":19,"column":3}},"loc":{"start":{"line":19,"column":24},"end":{"line":23,"column":3}},"line":19},"3":{"name":"(anonymous_3)","decl":{"start":{"line":25,"column":2},"end":{"line":25,"column":3}},"loc":{"start":{"line":25,"column":28},"end":{"line":29,"column":3}},"line":25}},"branchMap":{},"s":{"0":3,"1":3,"2":3,"3":3,"4":1,"5":1,"6":1,"7":3,"8":2,"9":3},"f":{"0":1,"1":1,"2":3,"3":2},"b":{},"_coverageSchema":"1a1c01bbd47fc00a2c39e90264f33305004495a9","hash":"173a5195952e2b71bfc5654e7ccdd562aba32e0a"}
,"/home/opik/Desktop/hacktiv8/iniserser2/nukang-server/services/nukang/routes/admin.js": {"path":"/home/opik/Desktop/hacktiv8/iniserser2/nukang-server/services/nukang/routes/admin.js","statementMap":{"0":{"start":{"line":1,"column":15},"end":{"line":1,"column":42}},"1":{"start":{"line":2,"column":24},"end":{"line":2,"column":66}},"2":{"start":{"line":3,"column":23},"end":{"line":3,"column":63}},"3":{"start":{"line":4,"column":28},"end":{"line":4,"column":73}},"4":{"start":{"line":6,"column":0},"end":{"line":11,"column":2}},"5":{"start":{"line":12,"column":0},"end":{"line":12,"column":56}},"6":{"start":{"line":13,"column":0},"end":{"line":13,"column":50}},"7":{"start":{"line":14,"column":0},"end":{"line":19,"column":2}},"8":{"start":{"line":20,"column":0},"end":{"line":25,"column":2}},"9":{"start":{"line":26,"column":0},"end":{"line":31,"column":2}},"10":{"start":{"line":33,"column":0},"end":{"line":33,"column":24}}},"fnMap":{},"branchMap":{},"s":{"0":3,"1":3,"2":3,"3":3,"4":3,"5":3,"6":3,"7":3,"8":3,"9":3,"10":3},"f":{},"b":{},"_coverageSchema":"1a1c01bbd47fc00a2c39e90264f33305004495a9","hash":"d28d2c0f39c109aca8a993a582e82ae640ec4116"}
,"/home/opik/Desktop/hacktiv8/iniserser2/nukang-server/services/nukang/routes/index.js": {"path":"/home/opik/Desktop/hacktiv8/iniserser2/nukang-server/services/nukang/routes/index.js","statementMap":{"0":{"start":{"line":1,"column":15},"end":{"line":1,"column":42}},"1":{"start":{"line":2,"column":19},"end":{"line":2,"column":37}},"2":{"start":{"line":3,"column":18},"end":{"line":3,"column":35}},"3":{"start":{"line":4,"column":20},"end":{"line":4,"column":39}},"4":{"start":{"line":6,"column":0},"end":{"line":6,"column":33}},"5":{"start":{"line":7,"column":0},"end":{"line":7,"column":31}},"6":{"start":{"line":8,"column":0},"end":{"line":8,"column":35}},"7":{"start":{"line":10,"column":0},"end":{"line":10,"column":24}}},"fnMap":{},"branchMap":{},"s":{"0":3,"1":3,"2":3,"3":3,"4":3,"5":3,"6":3,"7":3},"f":{},"b":{},"_coverageSchema":"1a1c01bbd47fc00a2c39e90264f33305004495a9","hash":"de803a56fb7751fd7895f6dc178e928916d80fb0"}
,"/home/opik/Desktop/hacktiv8/iniserser2/nukang-server/services/nukang/routes/tukang.js": {"path":"/home/opik/Desktop/hacktiv8/iniserser2/nukang-server/services/nukang/routes/tukang.js","statementMap":{"0":{"start":{"line":1,"column":15},"end":{"line":1,"column":42}},"1":{"start":{"line":2,"column":25},"end":{"line":2,"column":68}},"2":{"start":{"line":3,"column":23},"end":{"line":3,"column":63}},"3":{"start":{"line":4,"column":29},"end":{"line":4,"column":75}},"4":{"start":{"line":5,"column":15},"end":{"line":5,"column":32}},"5":{"start":{"line":7,"column":15},"end":{"line":11,"column":2}},"6":{"start":{"line":13,"column":15},"end":{"line":17,"column":2}},"7":{"start":{"line":19,"column":0},"end":{"line":24,"column":2}},"8":{"start":{"line":25,"column":0},"end":{"line":30,"column":2}},"9":{"start":{"line":31,"column":0},"end":{"line":36,"column":2}},"10":{"start":{"line":37,"column":0},"end":{"line":42,"column":2}},"11":{"start":{"line":44,"column":0},"end":{"line":50,"column":2}},"12":{"start":{"line":51,"column":0},"end":{"line":57,"column":2}},"13":{"start":{"line":58,"column":0},"end":{"line":58,"column":52}},"14":{"start":{"line":59,"column":0},"end":{"line":64,"column":2}},"15":{"start":{"line":65,"column":0},"end":{"line":65,"column":24}}},"fnMap":{},"branchMap":{},"s":{"0":3,"1":3,"2":3,"3":3,"4":3,"5":3,"6":3,"7":3,"8":3,"9":3,"10":3,"11":3,"12":3,"13":3,"14":3,"15":3},"f":{},"b":{},"_coverageSchema":"1a1c01bbd47fc00a2c39e90264f33305004495a9","hash":"bef892198eb63d32faefaa3d4678a50af139030f"}
,"/home/opik/Desktop/hacktiv8/iniserser2/nukang-server/services/nukang/routes/user.js": {"path":"/home/opik/Desktop/hacktiv8/iniserser2/nukang-server/services/nukang/routes/user.js","statementMap":{"0":{"start":{"line":1,"column":15},"end":{"line":1,"column":42}},"1":{"start":{"line":2,"column":23},"end":{"line":2,"column":64}},"2":{"start":{"line":3,"column":23},"end":{"line":3,"column":63}},"3":{"start":{"line":4,"column":27},"end":{"line":4,"column":71}},"4":{"start":{"line":6,"column":0},"end":{"line":6,"column":54}},"5":{"start":{"line":7,"column":0},"end":{"line":7,"column":48}},"6":{"start":{"line":8,"column":0},"end":{"line":13,"column":2}},"7":{"start":{"line":14,"column":0},"end":{"line":19,"column":2}},"8":{"start":{"line":20,"column":0},"end":{"line":25,"column":2}},"9":{"start":{"line":26,"column":0},"end":{"line":31,"column":2}},"10":{"start":{"line":33,"column":0},"end":{"line":38,"column":2}},"11":{"start":{"line":40,"column":0},"end":{"line":45,"column":2}},"12":{"start":{"line":46,"column":0},"end":{"line":51,"column":2}},"13":{"start":{"line":53,"column":0},"end":{"line":53,"column":24}}},"fnMap":{},"branchMap":{},"s":{"0":3,"1":3,"2":3,"3":3,"4":3,"5":3,"6":3,"7":3,"8":3,"9":3,"10":3,"11":3,"12":3,"13":3},"f":{},"b":{},"_coverageSchema":"1a1c01bbd47fc00a2c39e90264f33305004495a9","hash":"1a6af1cf34acd562497a5f634db230bd36c5e56b"}
}
