TN:
SF:app.js
FNF:0
FNH:0
DA:1,3
DA:2,3
DA:3,3
DA:4,3
DA:5,3
DA:6,3
DA:8,3
DA:9,3
DA:10,3
DA:11,3
DA:12,3
DA:14,3
LF:12
LH:12
BRF:0
BRH:0
end_of_record
TN:
SF:config/mongo.js
FNF:0
FNH:0
DA:1,3
DA:2,3
DA:3,3
DA:4,3
DA:5,3
DA:7,3
DA:9,3
LF:7
LH:7
BRF:0
BRH:0
end_of_record
TN:
SF:controllers/admin-controller.js
FN:8,(anonymous_0)
FN:12,(anonymous_1)
FN:23,(anonymous_2)
FN:27,(anonymous_3)
FN:46,(anonymous_4)
FN:80,(anonymous_5)
FN:96,(anonymous_6)
FN:98,(anonymous_7)
FN:101,(anonymous_8)
FN:107,(anonymous_9)
FN:109,(anonymous_10)
FN:112,(anonymous_11)
FNF:12
FNH:10
FNDA:2,(anonymous_0)
FNDA:2,(anonymous_1)
FNDA:1,(anonymous_2)
FNDA:3,(anonymous_3)
FNDA:2,(anonymous_4)
FNDA:2,(anonymous_5)
FNDA:1,(anonymous_6)
FNDA:1,(anonymous_7)
FNDA:0,(anonymous_8)
FNDA:1,(anonymous_9)
FNDA:1,(anonymous_10)
FNDA:0,(anonymous_11)
DA:1,3
DA:2,3
DA:3,3
DA:4,3
DA:5,3
DA:9,2
DA:13,2
DA:14,1
DA:18,1
DA:19,1
DA:20,1
DA:24,1
DA:28,3
DA:29,3
DA:30,1
DA:35,2
DA:39,1
DA:42,2
DA:47,2
DA:48,2
DA:49,1
DA:54,1
DA:58,1
DA:76,1
DA:81,2
DA:82,2
DA:83,1
DA:84,1
DA:86,1
DA:92,1
DA:97,1
DA:99,1
DA:102,0
DA:108,1
DA:110,1
DA:113,0
DA:118,3
LF:37
LH:35
BRDA:13,0,0,1
BRDA:13,0,1,1
BRDA:18,1,0,1
BRDA:18,1,1,0
BRDA:29,2,0,1
BRDA:29,2,1,2
BRDA:48,3,0,1
BRDA:48,3,1,1
BRDA:82,4,0,1
BRDA:82,4,1,1
BRF:10
BRH:9
end_of_record
TN:
SF:controllers/tukang-controller.js
FN:9,(anonymous_0)
FN:46,(anonymous_1)
FN:72,(anonymous_2)
FN:93,(anonymous_3)
FN:122,(anonymous_4)
FN:153,(anonymous_5)
FN:169,(anonymous_6)
FN:185,(anonymous_7)
FNF:8
FNH:8
FNDA:2,(anonymous_0)
FNDA:2,(anonymous_1)
FNDA:2,(anonymous_2)
FNDA:3,(anonymous_3)
FNDA:4,(anonymous_4)
FNDA:2,(anonymous_5)
FNDA:2,(anonymous_6)
FNDA:2,(anonymous_7)
DA:1,3
DA:2,3
DA:3,3
DA:4,3
DA:5,3
DA:10,2
DA:11,2
DA:12,1
DA:24,1
DA:36,1
DA:42,1
DA:47,2
DA:48,2
DA:49,1
DA:50,1
DA:51,2
DA:53,1
DA:54,1
DA:58,1
DA:62,1
DA:68,1
DA:73,2
DA:74,2
DA:75,1
DA:76,1
DA:77,1
DA:81,1
DA:83,1
DA:89,1
DA:94,3
DA:95,3
DA:96,2
DA:97,1
DA:112,1
DA:118,2
DA:123,4
DA:124,4
DA:125,1
DA:130,3
DA:133,3
DA:134,1
DA:138,2
DA:139,1
DA:140,1
DA:142,1
DA:149,3
DA:154,2
DA:155,2
DA:156,1
DA:157,1
DA:159,1
DA:165,1
DA:170,2
DA:171,2
DA:172,1
DA:173,1
DA:175,1
DA:181,1
DA:186,2
DA:187,2
DA:188,1
DA:189,1
DA:191,1
DA:197,1
DA:202,3
LF:65
LH:65
BRDA:11,0,0,1
BRDA:11,0,1,1
BRDA:48,1,0,1
BRDA:48,1,1,1
BRDA:48,2,0,2
BRDA:48,2,1,1
BRDA:74,3,0,1
BRDA:74,3,1,1
BRDA:74,4,0,2
BRDA:74,4,1,1
BRDA:95,5,0,2
BRDA:95,5,1,1
BRDA:124,6,0,1
BRDA:124,6,1,3
BRDA:133,7,0,1
BRDA:133,7,1,2
BRDA:138,8,0,1
BRDA:138,8,1,1
BRDA:155,9,0,1
BRDA:155,9,1,1
BRDA:171,10,0,1
BRDA:171,10,1,1
BRDA:187,11,0,1
BRDA:187,11,1,1
BRF:24
BRH:24
end_of_record
TN:
SF:controllers/user-controller.js
FN:9,(anonymous_0)
FN:31,(anonymous_1)
FN:62,(anonymous_2)
FN:89,(anonymous_3)
FN:106,(anonymous_4)
FN:126,(anonymous_5)
FN:155,(anonymous_6)
FN:176,(anonymous_7)
FNF:8
FNH:8
FNDA:2,(anonymous_0)
FNDA:4,(anonymous_1)
FNDA:2,(anonymous_2)
FNDA:2,(anonymous_3)
FNDA:2,(anonymous_4)
FNDA:2,(anonymous_5)
FNDA:2,(anonymous_6)
FNDA:1,(anonymous_7)
DA:1,3
DA:2,3
DA:3,3
DA:4,3
DA:5,3
DA:6,3
DA:10,2
DA:11,2
DA:12,1
DA:17,1
DA:22,1
DA:27,1
DA:32,4
DA:33,4
DA:34,1
DA:39,3
DA:42,3
DA:43,1
DA:47,2
DA:48,1
DA:49,1
DA:51,1
DA:58,3
DA:63,2
DA:64,2
DA:65,1
DA:66,1
DA:67,1
DA:77,1
DA:79,1
DA:85,1
DA:90,2
DA:91,2
DA:92,1
DA:93,1
DA:95,1
DA:101,1
DA:107,2
DA:108,2
DA:109,1
DA:113,1
DA:115,1
DA:121,1
DA:127,2
DA:128,2
DA:129,1
DA:130,1
DA:145,1
DA:151,1
DA:156,2
DA:157,2
DA:158,1
DA:159,1
DA:165,1
DA:171,1
DA:177,1
DA:178,1
DA:179,1
DA:181,0
DA:186,3
LF:60
LH:59
BRDA:11,0,0,1
BRDA:11,0,1,1
BRDA:33,1,0,1
BRDA:33,1,1,3
BRDA:42,2,0,1
BRDA:42,2,1,2
BRDA:47,3,0,1
BRDA:47,3,1,1
BRDA:64,4,0,1
BRDA:64,4,1,1
BRDA:91,5,0,1
BRDA:91,5,1,1
BRDA:108,6,0,1
BRDA:108,6,1,1
BRDA:128,7,0,1
BRDA:128,7,1,1
BRDA:157,8,0,1
BRDA:157,8,1,1
BRF:18
BRH:18
end_of_record
TN:
SF:helpers/bcrypt-helper.js
FN:3,hash
FN:7,compare
FNF:2
FNH:2
FNDA:8,hash
FNDA:5,compare
DA:1,3
DA:4,8
DA:8,5
DA:11,3
LF:4
LH:4
BRF:0
BRH:0
end_of_record
TN:
SF:helpers/jwt-helper.js
FN:4,(anonymous_0)
FN:14,(anonymous_1)
FNF:2
FNH:2
FNDA:7,(anonymous_0)
FNDA:46,(anonymous_1)
DA:1,3
DA:3,3
DA:5,7
DA:15,46
LF:4
LH:4
BRF:0
BRH:0
end_of_record
TN:
SF:middlewares/authentication.js
FN:3,(anonymous_0)
FNF:1
FNH:1
FNDA:59,(anonymous_0)
DA:1,3
DA:3,3
DA:4,59
DA:5,59
DA:6,59
DA:7,13
DA:12,46
DA:13,46
DA:14,46
DA:17,13
LF:10
LH:10
BRDA:6,0,0,13
BRDA:6,0,1,46
BRF:2
BRH:2
end_of_record
TN:
SF:middlewares/authorization_admin.js
FN:1,(anonymous_0)
FNF:1
FNH:1
FNDA:10,(anonymous_0)
DA:1,3
DA:2,10
DA:3,10
DA:4,4
DA:9,6
DA:12,4
LF:6
LH:6
BRDA:3,0,0,4
BRDA:3,0,1,6
BRF:2
BRH:2
end_of_record
TN:
SF:middlewares/authorization_tukang.js
FN:1,(anonymous_0)
FNF:1
FNH:1
FNDA:19,(anonymous_0)
DA:1,3
DA:2,19
DA:3,19
DA:4,4
DA:9,15
DA:12,4
LF:6
LH:6
BRDA:3,0,0,4
BRDA:3,0,1,15
BRF:2
BRH:2
end_of_record
TN:
SF:middlewares/authorization_user.js
FN:1,(anonymous_0)
FNF:1
FNH:1
FNDA:17,(anonymous_0)
DA:1,3
DA:2,17
DA:3,17
DA:4,6
DA:9,11
DA:12,6
LF:6
LH:6
BRDA:3,0,0,6
BRDA:3,0,1,11
BRF:2
BRH:2
end_of_record
TN:
SF:middlewares/errorHandler.js
FN:1,(anonymous_0)
FNF:1
FNH:1
FNDA:52,(anonymous_0)
DA:1,3
DA:2,52
DA:3,50
DA:7,2
LF:4
LH:4
BRDA:2,0,0,50
BRDA:2,0,1,2
BRF:2
BRH:2
end_of_record
TN:
SF:models/admin.js
FN:8,(anonymous_0)
FN:13,(anonymous_1)
FN:19,(anonymous_2)
FN:24,(anonymous_3)
FN:41,(anonymous_4)
FN:46,(anonymous_5)
FNF:6
FNH:6
FNDA:2,(anonymous_0)
FNDA:2,(anonymous_1)
FNDA:1,(anonymous_2)
FNDA:1,(anonymous_3)
FNDA:1,(anonymous_4)
FNDA:1,(anonymous_5)
DA:1,3
DA:2,3
DA:3,3
DA:4,3
DA:5,3
DA:9,2
DA:14,2
DA:15,1
DA:20,1
DA:25,1
DA:26,1
DA:42,1
DA:47,1
DA:53,3
LF:14
LH:14
BRF:0
BRH:0
end_of_record
TN:
SF:models/order.js
FN:6,(anonymous_0)
FN:19,(anonymous_1)
FN:24,(anonymous_2)
FN:38,(anonymous_3)
FN:52,(anonymous_4)
FN:67,(anonymous_5)
FN:71,(anonymous_6)
FN:75,(anonymous_7)
FNF:8
FNH:8
FNDA:1,(anonymous_0)
FNDA:1,(anonymous_1)
FNDA:1,(anonymous_2)
FNDA:1,(anonymous_3)
FNDA:1,(anonymous_4)
FNDA:1,(anonymous_5)
FNDA:1,(anonymous_6)
FNDA:1,(anonymous_7)
DA:1,3
DA:2,3
DA:3,3
DA:7,1
DA:20,1
DA:25,1
DA:39,1
DA:53,1
DA:68,1
DA:72,1
DA:76,1
DA:80,3
LF:12
LH:12
BRF:0
BRH:0
end_of_record
TN:
SF:models/tukang.js
FN:6,(anonymous_0)
FN:30,(anonymous_1)
FN:46,(anonymous_2)
FN:62,(anonymous_3)
FN:68,(anonymous_4)
FN:72,(anonymous_5)
FNF:6
FNH:6
FNDA:1,(anonymous_0)
FNDA:1,(anonymous_1)
FNDA:1,(anonymous_2)
FNDA:3,(anonymous_3)
FNDA:2,(anonymous_4)
FNDA:4,(anonymous_5)
DA:1,3
DA:2,3
DA:3,3
DA:7,1
DA:31,1
DA:47,1
DA:63,3
DA:69,2
DA:73,4
DA:79,3
LF:10
LH:10
BRF:0
BRH:0
end_of_record
TN:
SF:models/users.js
FN:7,(anonymous_0)
FN:14,(anonymous_1)
FN:19,(anonymous_2)
FN:25,(anonymous_3)
FNF:4
FNH:4
FNDA:1,(anonymous_0)
FNDA:1,(anonymous_1)
FNDA:3,(anonymous_2)
FNDA:2,(anonymous_3)
DA:1,3
DA:2,3
DA:3,3
DA:4,3
DA:8,1
DA:9,1
DA:15,1
DA:20,3
DA:26,2
DA:32,3
LF:10
LH:10
BRF:0
BRH:0
end_of_record
TN:
SF:routes/admin.js
FNF:0
FNH:0
DA:1,3
DA:2,3
DA:3,3
DA:4,3
DA:6,3
DA:12,3
DA:13,3
DA:14,3
DA:20,3
DA:26,3
DA:33,3
LF:11
LH:11
BRF:0
BRH:0
end_of_record
TN:
SF:routes/index.js
FNF:0
FNH:0
DA:1,3
DA:2,3
DA:3,3
DA:4,3
DA:6,3
DA:7,3
DA:8,3
DA:10,3
LF:8
LH:8
BRF:0
BRH:0
end_of_record
TN:
SF:routes/tukang.js
FNF:0
FNH:0
DA:1,3
DA:2,3
DA:3,3
DA:4,3
DA:5,3
DA:7,3
DA:13,3
DA:19,3
DA:25,3
DA:31,3
DA:37,3
DA:44,3
DA:51,3
DA:58,3
DA:59,3
DA:65,3
LF:16
LH:16
BRF:0
BRH:0
end_of_record
TN:
SF:routes/user.js
FNF:0
FNH:0
DA:1,3
DA:2,3
DA:3,3
DA:4,3
DA:6,3
DA:7,3
DA:8,3
DA:14,3
DA:20,3
DA:26,3
DA:33,3
DA:39,3
DA:46,3
LF:13
LH:13
BRF:0
BRH:0
end_of_record
