TN:
SF:app.js
FNF:0
FNH:0
DA:1,3
DA:2,3
DA:3,3
DA:4,3
DA:5,3
DA:7,3
DA:8,3
DA:9,3
DA:10,3
DA:12,3
LF:10
LH:10
BRF:0
BRH:0
end_of_record
TN:
SF:config/mongo.js
FNF:0
FNH:0
DA:1,3
DA:2,3
DA:3,3
DA:4,3
DA:5,3
DA:7,3
DA:9,3
LF:7
LH:7
BRF:0
BRH:0
end_of_record
TN:
SF:controllers/admin-controller.js
FN:7,(anonymous_0)
FN:11,(anonymous_1)
FN:22,(anonymous_2)
FN:26,(anonymous_3)
FN:46,(anonymous_4)
FN:80,(anonymous_5)
FN:96,(anonymous_6)
FN:98,(anonymous_7)
FN:101,(anonymous_8)
FNF:9
FNH:8
FNDA:2,(anonymous_0)
FNDA:2,(anonymous_1)
FNDA:1,(anonymous_2)
FNDA:3,(anonymous_3)
FNDA:2,(anonymous_4)
FNDA:2,(anonymous_5)
FNDA:1,(anonymous_6)
FNDA:1,(anonymous_7)
FNDA:0,(anonymous_8)
DA:1,3
DA:2,3
DA:3,3
DA:4,3
DA:8,2
DA:12,2
DA:13,1
DA:17,1
DA:18,1
DA:19,1
DA:23,1
DA:27,3
DA:28,3
DA:29,1
DA:34,2
DA:38,1
DA:41,2
DA:47,2
DA:48,2
DA:49,1
DA:54,1
DA:58,1
DA:75,1
DA:81,2
DA:82,2
DA:83,1
DA:84,1
DA:86,1
DA:92,1
DA:97,1
DA:99,1
DA:102,0
DA:107,3
LF:33
LH:32
BRDA:12,0,0,1
BRDA:12,0,1,1
BRDA:17,1,0,1
BRDA:17,1,1,0
BRDA:28,2,0,1
BRDA:28,2,1,2
BRDA:48,3,0,1
BRDA:48,3,1,1
BRDA:82,4,0,1
BRDA:82,4,1,1
BRF:10
BRH:9
end_of_record
TN:
SF:controllers/tukang-controller.js
FN:9,(anonymous_0)
FN:17,(anonymous_1)
FN:26,(anonymous_2)
FN:36,(anonymous_3)
FN:40,(anonymous_4)
FN:45,(anonymous_5)
FN:74,(anonymous_6)
FN:78,(anonymous_7)
FN:89,(anonymous_8)
FN:94,(anonymous_9)
FN:110,(anonymous_10)
FN:126,(anonymous_11)
FNF:12
FNH:7
FNDA:0,(anonymous_0)
FNDA:0,(anonymous_1)
FNDA:0,(anonymous_2)
FNDA:0,(anonymous_3)
FNDA:0,(anonymous_4)
FNDA:3,(anonymous_5)
FNDA:3,(anonymous_6)
FNDA:3,(anonymous_7)
FNDA:2,(anonymous_8)
FNDA:2,(anonymous_9)
FNDA:2,(anonymous_10)
FNDA:2,(anonymous_11)
DA:1,3
DA:2,3
DA:3,3
DA:4,3
DA:5,3
DA:10,0
DA:11,0
DA:12,0
DA:13,0
DA:15,0
DA:18,0
DA:27,0
DA:37,0
DA:41,0
DA:46,3
DA:47,3
DA:48,2
DA:49,1
DA:63,1
DA:69,2
DA:75,3
DA:79,3
DA:80,2
DA:84,1
DA:85,1
DA:86,1
DA:90,2
DA:95,2
DA:96,2
DA:97,1
DA:98,1
DA:100,1
DA:106,1
DA:111,2
DA:112,2
DA:113,1
DA:114,1
DA:116,1
DA:122,1
DA:127,2
DA:128,2
DA:129,1
DA:130,1
DA:132,1
DA:138,1
DA:143,3
LF:46
LH:37
BRDA:47,0,0,2
BRDA:47,0,1,1
BRDA:79,1,0,2
BRDA:79,1,1,1
BRDA:84,2,0,1
BRDA:84,2,1,0
BRDA:96,3,0,1
BRDA:96,3,1,1
BRDA:112,4,0,1
BRDA:112,4,1,1
BRDA:128,5,0,1
BRDA:128,5,1,1
BRF:12
BRH:11
end_of_record
TN:
SF:controllers/user-controller.js
FN:8,(anonymous_0)
FN:27,(anonymous_1)
FN:58,(anonymous_2)
FN:81,(anonymous_3)
FN:98,(anonymous_4)
FNF:5
FNH:5
FNDA:2,(anonymous_0)
FNDA:4,(anonymous_1)
FNDA:2,(anonymous_2)
FNDA:2,(anonymous_3)
FNDA:2,(anonymous_4)
DA:1,3
DA:2,3
DA:3,3
DA:4,3
DA:5,3
DA:9,2
DA:10,2
DA:11,1
DA:16,1
DA:20,1
DA:23,1
DA:28,4
DA:29,4
DA:30,1
DA:35,3
DA:38,3
DA:39,1
DA:43,2
DA:44,1
DA:45,1
DA:47,1
DA:54,3
DA:59,2
DA:60,2
DA:61,1
DA:69,1
DA:71,1
DA:77,1
DA:82,2
DA:83,2
DA:84,1
DA:85,1
DA:87,1
DA:93,1
DA:99,2
DA:100,2
DA:101,1
DA:102,1
DA:116,1
DA:122,1
DA:127,3
LF:41
LH:41
BRDA:10,0,0,1
BRDA:10,0,1,1
BRDA:29,1,0,1
BRDA:29,1,1,3
BRDA:38,2,0,1
BRDA:38,2,1,2
BRDA:43,3,0,1
BRDA:43,3,1,1
BRDA:60,4,0,1
BRDA:60,4,1,1
BRDA:83,5,0,1
BRDA:83,5,1,1
BRDA:100,6,0,1
BRDA:100,6,1,1
BRF:14
BRH:14
end_of_record
TN:
SF:helpers/bcrypt-helper.js
FN:3,hash
FN:7,compare
FNF:2
FNH:2
FNDA:8,hash
FNDA:4,compare
DA:1,3
DA:4,8
DA:8,4
DA:11,3
LF:4
LH:4
BRF:0
BRH:0
end_of_record
TN:
SF:helpers/jwt-helper.js
FN:4,(anonymous_0)
FN:14,(anonymous_1)
FNF:2
FNH:2
FNDA:6,(anonymous_0)
FNDA:28,(anonymous_1)
DA:1,3
DA:3,3
DA:5,6
DA:15,28
LF:4
LH:4
BRF:0
BRH:0
end_of_record
TN:
SF:middlewares/authentication.js
FN:3,(anonymous_0)
FNF:1
FNH:1
FNDA:36,(anonymous_0)
DA:1,3
DA:3,3
DA:4,36
DA:5,36
DA:6,36
DA:7,8
DA:12,28
DA:13,28
DA:14,28
DA:17,8
LF:10
LH:10
BRDA:6,0,0,8
BRDA:6,0,1,28
BRF:2
BRH:2
end_of_record
TN:
SF:middlewares/authorization_admin.js
FN:1,(anonymous_0)
FNF:1
FNH:1
FNDA:8,(anonymous_0)
DA:1,3
DA:2,8
DA:3,8
DA:4,3
DA:9,5
DA:12,3
LF:6
LH:6
BRDA:3,0,0,3
BRDA:3,0,1,5
BRF:2
BRH:2
end_of_record
TN:
SF:middlewares/authorization_tukang.js
FN:1,(anonymous_0)
FNF:1
FNH:1
FNDA:13,(anonymous_0)
DA:1,3
DA:2,13
DA:3,13
DA:4,4
DA:9,9
DA:12,4
LF:6
LH:6
BRDA:3,0,0,4
BRDA:3,0,1,9
BRF:2
BRH:2
end_of_record
TN:
SF:middlewares/authorization_user.js
FN:1,(anonymous_0)
FNF:1
FNH:1
FNDA:7,(anonymous_0)
DA:1,3
DA:2,7
DA:3,7
DA:4,1
DA:9,6
DA:12,1
LF:6
LH:6
BRDA:3,0,0,1
BRDA:3,0,1,6
BRF:2
BRH:2
end_of_record
TN:
SF:middlewares/errorHandler.js
FN:1,(anonymous_0)
FNF:1
FNH:1
FNDA:35,(anonymous_0)
DA:1,3
DA:2,35
DA:3,33
DA:7,2
LF:4
LH:4
BRDA:2,0,0,33
BRDA:2,0,1,2
BRF:2
BRH:2
end_of_record
TN:
SF:models/admin.js
FN:8,(anonymous_0)
FN:13,(anonymous_1)
FN:19,(anonymous_2)
FN:23,(anonymous_3)
FN:39,(anonymous_4)
FN:44,(anonymous_5)
FNF:6
FNH:6
FNDA:2,(anonymous_0)
FNDA:2,(anonymous_1)
FNDA:1,(anonymous_2)
FNDA:1,(anonymous_3)
FNDA:1,(anonymous_4)
FNDA:1,(anonymous_5)
DA:1,3
DA:2,3
DA:3,3
DA:4,3
DA:5,3
DA:9,2
DA:14,2
DA:15,1
DA:20,1
DA:24,1
DA:25,1
DA:40,1
DA:45,1
DA:51,3
LF:14
LH:14
BRF:0
BRH:0
end_of_record
TN:
SF:models/order.js
FN:6,(anonymous_0)
FN:12,(anonymous_1)
FN:17,(anonymous_2)
FN:31,(anonymous_3)
FN:45,(anonymous_4)
FN:49,(anonymous_5)
FN:53,(anonymous_6)
FNF:7
FNH:7
FNDA:1,(anonymous_0)
FNDA:1,(anonymous_1)
FNDA:1,(anonymous_2)
FNDA:1,(anonymous_3)
FNDA:1,(anonymous_4)
FNDA:1,(anonymous_5)
FNDA:1,(anonymous_6)
DA:1,3
DA:2,3
DA:3,3
DA:7,1
DA:13,1
DA:18,1
DA:32,1
DA:46,1
DA:50,1
DA:54,1
DA:58,3
LF:11
LH:11
BRF:0
BRH:0
end_of_record
TN:
SF:models/tukang.js
FN:6,(anonymous_0)
FN:26,(anonymous_1)
FN:32,(anonymous_2)
FNF:3
FNH:2
FNDA:0,(anonymous_0)
FNDA:3,(anonymous_1)
FNDA:3,(anonymous_2)
DA:1,3
DA:2,3
DA:3,3
DA:7,0
DA:27,3
DA:33,3
DA:39,3
LF:7
LH:6
BRF:0
BRH:0
end_of_record
TN:
SF:models/users.js
FN:6,(anonymous_0)
FN:12,(anonymous_1)
FN:17,(anonymous_2)
FNF:3
FNH:3
FNDA:1,(anonymous_0)
FNDA:1,(anonymous_1)
FNDA:3,(anonymous_2)
DA:1,3
DA:2,3
DA:3,3
DA:7,1
DA:8,1
DA:13,1
DA:18,3
DA:24,3
LF:8
LH:8
BRF:0
BRH:0
end_of_record
TN:
SF:routes/admin.js
FNF:0
FNH:0
DA:1,3
DA:2,3
DA:3,3
DA:4,3
DA:6,3
DA:12,3
DA:13,3
DA:14,3
DA:20,3
DA:27,3
LF:10
LH:10
BRF:0
BRH:0
end_of_record
TN:
SF:routes/index.js
FNF:0
FNH:0
DA:1,3
DA:2,3
DA:3,3
DA:4,3
DA:6,3
DA:7,3
DA:8,3
DA:10,3
LF:8
LH:8
BRF:0
BRH:0
end_of_record
TN:
SF:routes/tukang.js
FNF:0
FNH:0
DA:1,3
DA:2,3
DA:3,3
DA:4,3
DA:5,3
DA:7,3
DA:13,3
DA:19,3
DA:25,3
DA:31,3
DA:38,3
DA:39,3
DA:45,3
LF:13
LH:13
BRF:0
BRH:0
end_of_record
TN:
SF:routes/user.js
FNF:0
FNH:0
DA:1,3
DA:2,3
DA:3,3
DA:4,3
DA:6,3
DA:7,3
DA:8,3
DA:14,3
DA:20,3
DA:26,3
LF:10
LH:10
BRF:0
BRH:0
end_of_record
